TimeQuest Timing Analyzer report for Part2
Tue Oct 31 11:37:17 2017
Quartus II 64-Bit Version 13.1.0 Build 162 10/23/2013 SJ Web Edition


---------------------
; Table of Contents ;
---------------------
  1. Legal Notice
  2. TimeQuest Timing Analyzer Summary
  3. Parallel Compilation
  4. Clocks
  5. Slow 1200mV 85C Model Fmax Summary
  6. Timing Closure Recommendations
  7. Slow 1200mV 85C Model Setup Summary
  8. Slow 1200mV 85C Model Hold Summary
  9. Slow 1200mV 85C Model Recovery Summary
 10. Slow 1200mV 85C Model Removal Summary
 11. Slow 1200mV 85C Model Minimum Pulse Width Summary
 12. Propagation Delay
 13. Minimum Propagation Delay
 14. Slow 1200mV 85C Model Metastability Report
 15. Slow 1200mV 0C Model Fmax Summary
 16. Slow 1200mV 0C Model Setup Summary
 17. Slow 1200mV 0C Model Hold Summary
 18. Slow 1200mV 0C Model Recovery Summary
 19. Slow 1200mV 0C Model Removal Summary
 20. Slow 1200mV 0C Model Minimum Pulse Width Summary
 21. Propagation Delay
 22. Minimum Propagation Delay
 23. Slow 1200mV 0C Model Metastability Report
 24. Fast 1200mV 0C Model Setup Summary
 25. Fast 1200mV 0C Model Hold Summary
 26. Fast 1200mV 0C Model Recovery Summary
 27. Fast 1200mV 0C Model Removal Summary
 28. Fast 1200mV 0C Model Minimum Pulse Width Summary
 29. Propagation Delay
 30. Minimum Propagation Delay
 31. Fast 1200mV 0C Model Metastability Report
 32. Multicorner Timing Analysis Summary
 33. Propagation Delay
 34. Minimum Propagation Delay
 35. Board Trace Model Assignments
 36. Input Transition Times
 37. Signal Integrity Metrics (Slow 1200mv 0c Model)
 38. Signal Integrity Metrics (Slow 1200mv 85c Model)
 39. Signal Integrity Metrics (Fast 1200mv 0c Model)
 40. Clock Transfers
 41. Report TCCS
 42. Report RSKM
 43. Unconstrained Paths
 44. TimeQuest Timing Analyzer Messages



----------------
; Legal Notice ;
----------------
Copyright (C) 1991-2013 Altera Corporation
Your use of Altera Corporation's design tools, logic functions 
and other software and tools, and its AMPP partner logic 
functions, and any output files from any of the foregoing 
(including device programming or simulation files), and any 
associated documentation or information are expressly subject 
to the terms and conditions of the Altera Program License 
Subscription Agreement, Altera MegaCore Function License 
Agreement, or other applicable license agreement, including, 
without limitation, that your use is for the sole purpose of 
programming logic devices manufactured by Altera and sold by 
Altera or its authorized distributors.  Please refer to the 
applicable agreement for further details.



+-------------------------------------------------------------------------+
; TimeQuest Timing Analyzer Summary                                       ;
+--------------------+----------------------------------------------------+
; Quartus II Version ; Version 13.1.0 Build 162 10/23/2013 SJ Web Edition ;
; Revision Name      ; Part2                                              ;
; Device Family      ; Cyclone IV E                                       ;
; Device Name        ; EP4CE115F29C7                                      ;
; Timing Models      ; Final                                              ;
; Delay Model        ; Combined                                           ;
; Rise/Fall Delays   ; Enabled                                            ;
+--------------------+----------------------------------------------------+


Parallel compilation was disabled, but you have multiple processors available. Enable parallel compilation to reduce compilation time.
+-------------------------------------+
; Parallel Compilation                ;
+----------------------------+--------+
; Processors                 ; Number ;
+----------------------------+--------+
; Number detected on machine ; 8      ;
; Maximum allowed            ; 1      ;
+----------------------------+--------+


----------
; Clocks ;
----------
No clocks to report.


--------------------------------------
; Slow 1200mV 85C Model Fmax Summary ;
--------------------------------------
No paths to report.


----------------------------------
; Timing Closure Recommendations ;
----------------------------------
HTML report is unavailable in plain text report export.


---------------------------------------
; Slow 1200mV 85C Model Setup Summary ;
---------------------------------------
No paths to report.


--------------------------------------
; Slow 1200mV 85C Model Hold Summary ;
--------------------------------------
No paths to report.


------------------------------------------
; Slow 1200mV 85C Model Recovery Summary ;
------------------------------------------
No paths to report.


-----------------------------------------
; Slow 1200mV 85C Model Removal Summary ;
-----------------------------------------
No paths to report.


-----------------------------------------------------
; Slow 1200mV 85C Model Minimum Pulse Width Summary ;
-----------------------------------------------------
No paths to report.


+--------------------------------------------------------------+
; Propagation Delay                                            ;
+------------+-------------+--------+--------+--------+--------+
; Input Port ; Output Port ; RR     ; RF     ; FR     ; FF     ;
+------------+-------------+--------+--------+--------+--------+
; A[4]       ; LEDR[4]     ; 8.412  ;        ;        ; 8.847  ;
; A[4]       ; out[0]      ; 13.045 ; 12.875 ; 13.449 ; 13.314 ;
; A[4]       ; out[1]      ; 13.304 ; 13.103 ; 13.708 ; 13.542 ;
; A[4]       ; out[2]      ; 12.010 ; 11.903 ; 12.478 ; 12.371 ;
; A[4]       ; out[3]      ; 12.250 ; 12.153 ; 12.711 ; 12.614 ;
; A[4]       ; out[4]      ; 13.611 ; 13.465 ; 14.093 ; 13.947 ;
; A[5]       ; LEDR[5]     ; 8.713  ;        ;        ; 9.152  ;
; A[5]       ; out[0]      ; 13.523 ; 13.353 ; 13.918 ; 13.783 ;
; A[5]       ; out[1]      ; 13.782 ; 13.581 ; 14.177 ; 14.011 ;
; A[5]       ; out[2]      ; 12.488 ; 12.381 ; 12.992 ; 12.885 ;
; A[5]       ; out[3]      ; 12.730 ; 12.633 ; 13.225 ; 13.128 ;
; A[5]       ; out[4]      ; 14.091 ; 13.945 ; 14.607 ; 14.461 ;
; A[6]       ; LEDR[6]     ; 8.943  ;        ;        ; 9.420  ;
; A[6]       ; out[0]      ; 12.880 ; 12.710 ; 13.343 ; 13.208 ;
; A[6]       ; out[1]      ; 13.139 ; 12.938 ; 13.602 ; 13.436 ;
; A[6]       ; out[2]      ; 11.639 ; 11.522 ; 12.121 ; 12.013 ;
; A[6]       ; out[3]      ; 11.911 ; 11.814 ; 12.446 ; 12.349 ;
; A[6]       ; out[4]      ; 13.273 ; 13.127 ; 13.784 ; 13.638 ;
; A[7]       ; LEDR[7]     ; 8.622  ;        ;        ; 9.110  ;
; A[7]       ; out[0]      ; 12.267 ; 12.097 ; 12.782 ; 12.647 ;
; A[7]       ; out[1]      ; 12.526 ; 12.325 ; 13.041 ; 12.875 ;
; A[7]       ; out[2]      ; 11.026 ; 10.909 ; 11.560 ; 11.452 ;
; A[7]       ; out[3]      ; 11.778 ; 11.678 ; 12.331 ; 12.268 ;
; A[7]       ; out[4]      ; 13.266 ; 13.120 ; 13.856 ; 13.710 ;
; B[0]       ; LEDR[0]     ; 8.648  ;        ;        ; 9.114  ;
; B[0]       ; out[0]      ; 14.109 ; 13.974 ; 14.748 ; 14.578 ;
; B[0]       ; out[1]      ; 14.368 ; 14.202 ; 15.007 ; 14.806 ;
; B[0]       ; out[2]      ; 13.565 ; 13.458 ; 14.098 ; 13.991 ;
; B[0]       ; out[3]      ; 13.767 ; 13.670 ; 14.300 ; 14.203 ;
; B[0]       ; out[4]      ; 15.149 ; 15.003 ; 15.682 ; 15.536 ;
; B[1]       ; LEDR[1]     ; 8.666  ;        ;        ; 9.075  ;
; B[1]       ; out[0]      ; 13.083 ; 12.948 ; 13.673 ; 13.503 ;
; B[1]       ; out[1]      ; 13.342 ; 13.176 ; 13.932 ; 13.731 ;
; B[1]       ; out[2]      ; 12.671 ; 12.564 ; 13.195 ; 13.088 ;
; B[1]       ; out[3]      ; 12.873 ; 12.776 ; 13.397 ; 13.300 ;
; B[1]       ; out[4]      ; 14.255 ; 14.109 ; 14.779 ; 14.633 ;
; B[2]       ; LEDR[2]     ; 8.695  ;        ;        ; 9.082  ;
; B[2]       ; out[0]      ; 12.138 ; 12.003 ; 12.672 ; 12.502 ;
; B[2]       ; out[1]      ; 12.397 ; 12.231 ; 12.931 ; 12.730 ;
; B[2]       ; out[2]      ; 12.242 ; 12.086 ; 12.734 ; 12.578 ;
; B[2]       ; out[3]      ; 12.876 ; 12.806 ; 13.353 ; 13.268 ;
; B[2]       ; out[4]      ; 14.394 ; 14.248 ; 14.856 ; 14.710 ;
; B[3]       ; LEDR[3]     ; 8.815  ;        ;        ; 9.272  ;
; B[3]       ; out[0]      ; 11.893 ; 11.758 ; 12.433 ; 12.263 ;
; B[3]       ; out[1]      ; 12.152 ; 11.986 ; 12.692 ; 12.491 ;
; B[3]       ; out[2]      ; 10.671 ; 10.563 ; 11.192 ; 11.075 ;
; B[3]       ; out[3]      ; 13.152 ; 13.082 ; 13.639 ; 13.542 ;
; B[3]       ; out[4]      ; 14.670 ; 14.524 ; 15.130 ; 14.984 ;
; add_sub    ; LEDR[8]     ; 8.873  ;        ;        ; 9.364  ;
; add_sub    ; out[1]      ; 14.129 ; 13.928 ; 14.698 ; 14.497 ;
; add_sub    ; out[2]      ; 13.693 ; 13.586 ; 14.262 ; 14.155 ;
; add_sub    ; out[3]      ; 13.895 ; 13.798 ; 14.464 ; 14.367 ;
; add_sub    ; out[4]      ; 15.277 ; 15.131 ; 15.846 ; 15.700 ;
+------------+-------------+--------+--------+--------+--------+


+--------------------------------------------------------------+
; Minimum Propagation Delay                                    ;
+------------+-------------+--------+--------+--------+--------+
; Input Port ; Output Port ; RR     ; RF     ; FR     ; FF     ;
+------------+-------------+--------+--------+--------+--------+
; A[4]       ; LEDR[4]     ; 8.124  ;        ;        ; 8.541  ;
; A[4]       ; out[0]      ; 10.183 ; 10.020 ; 10.660 ; 10.489 ;
; A[4]       ; out[1]      ; 11.450 ; 11.243 ; 11.920 ; 11.697 ;
; A[4]       ; out[2]      ; 10.467 ; 10.334 ; 10.999 ; 10.870 ;
; A[4]       ; out[3]      ; 10.416 ; 10.291 ; 10.888 ; 10.748 ;
; A[4]       ; out[4]      ; 11.210 ; 11.078 ; 11.682 ; 11.542 ;
; A[5]       ; LEDR[5]     ; 8.413  ;        ;        ; 8.834  ;
; A[5]       ; out[0]      ; 12.875 ; 12.665 ; 13.209 ; 13.078 ;
; A[5]       ; out[1]      ; 11.921 ; 11.705 ; 12.370 ; 12.190 ;
; A[5]       ; out[2]      ; 11.240 ; 11.149 ; 11.718 ; 11.663 ;
; A[5]       ; out[3]      ; 11.602 ; 11.462 ; 12.067 ; 11.947 ;
; A[5]       ; out[4]      ; 11.669 ; 11.537 ; 12.175 ; 12.035 ;
; A[6]       ; LEDR[6]     ; 8.635  ;        ;        ; 9.092  ;
; A[6]       ; out[0]      ; 12.230 ; 12.020 ; 12.654 ; 12.523 ;
; A[6]       ; out[1]      ; 12.476 ; 12.246 ; 12.902 ; 12.751 ;
; A[6]       ; out[2]      ; 10.458 ; 10.368 ; 10.972 ; 10.874 ;
; A[6]       ; out[3]      ; 10.831 ; 10.737 ; 11.330 ; 11.228 ;
; A[6]       ; out[4]      ; 10.888 ; 10.756 ; 11.387 ; 11.247 ;
; A[7]       ; LEDR[7]     ; 8.327  ;        ;        ; 8.794  ;
; A[7]       ; out[0]      ; 11.791 ; 11.581 ; 12.265 ; 12.134 ;
; A[7]       ; out[1]      ; 12.037 ; 11.807 ; 12.513 ; 12.362 ;
; A[7]       ; out[2]      ; 10.633 ; 10.520 ; 11.148 ; 11.043 ;
; A[7]       ; out[3]      ; 10.608 ; 10.487 ; 11.123 ; 11.010 ;
; A[7]       ; out[4]      ; 11.508 ; 11.346 ; 12.015 ; 11.918 ;
; B[0]       ; LEDR[0]     ; 8.353  ;        ;        ; 8.800  ;
; B[0]       ; out[0]      ; 11.105 ; 10.942 ; 11.618 ; 11.490 ;
; B[0]       ; out[1]      ; 12.244 ; 12.039 ; 12.779 ; 12.557 ;
; B[0]       ; out[2]      ; 11.261 ; 11.128 ; 11.843 ; 11.710 ;
; B[0]       ; out[3]      ; 11.210 ; 11.087 ; 11.745 ; 11.605 ;
; B[0]       ; out[4]      ; 12.046 ; 11.949 ; 12.628 ; 12.497 ;
; B[1]       ; LEDR[1]     ; 8.369  ;        ;        ; 8.760  ;
; B[1]       ; out[0]      ; 12.335 ; 12.204 ; 12.952 ; 12.742 ;
; B[1]       ; out[1]      ; 11.980 ; 11.793 ; 12.450 ; 12.267 ;
; B[1]       ; out[2]      ; 10.844 ; 10.753 ; 11.312 ; 11.241 ;
; B[1]       ; out[3]      ; 11.193 ; 11.080 ; 11.676 ; 11.582 ;
; B[1]       ; out[4]      ; 11.265 ; 11.125 ; 11.733 ; 11.601 ;
; B[2]       ; LEDR[2]     ; 8.396  ;        ;        ; 8.767  ;
; B[2]       ; out[0]      ; 11.574 ; 11.443 ; 12.114 ; 11.904 ;
; B[2]       ; out[1]      ; 11.822 ; 11.671 ; 12.360 ; 12.130 ;
; B[2]       ; out[2]      ; 10.457 ; 10.352 ; 10.956 ; 10.843 ;
; B[2]       ; out[3]      ; 10.432 ; 10.319 ; 10.931 ; 10.810 ;
; B[2]       ; out[4]      ; 11.144 ; 11.012 ; 11.620 ; 11.480 ;
; B[3]       ; LEDR[3]     ; 8.511  ;        ;        ; 8.949  ;
; B[3]       ; out[0]      ; 11.341 ; 11.210 ; 11.883 ; 11.673 ;
; B[3]       ; out[1]      ; 11.589 ; 11.438 ; 12.129 ; 11.899 ;
; B[3]       ; out[2]      ; 10.224 ; 10.119 ; 10.725 ; 10.612 ;
; B[3]       ; out[3]      ; 10.199 ; 10.086 ; 10.700 ; 10.579 ;
; B[3]       ; out[4]      ; 11.091 ; 10.994 ; 11.611 ; 11.495 ;
; add_sub    ; LEDR[8]     ; 8.566  ;        ;        ; 9.036  ;
; add_sub    ; out[1]      ; 12.903 ; 12.720 ; 13.487 ; 13.296 ;
; add_sub    ; out[2]      ; 11.779 ; 11.708 ; 12.345 ; 12.249 ;
; add_sub    ; out[3]      ; 11.729 ; 11.653 ; 12.270 ; 12.168 ;
; add_sub    ; out[4]      ; 12.200 ; 12.068 ; 12.761 ; 12.621 ;
+------------+-------------+--------+--------+--------+--------+


----------------------------------------------
; Slow 1200mV 85C Model Metastability Report ;
----------------------------------------------
No synchronizer chains to report.


-------------------------------------
; Slow 1200mV 0C Model Fmax Summary ;
-------------------------------------
No paths to report.


--------------------------------------
; Slow 1200mV 0C Model Setup Summary ;
--------------------------------------
No paths to report.


-------------------------------------
; Slow 1200mV 0C Model Hold Summary ;
-------------------------------------
No paths to report.


-----------------------------------------
; Slow 1200mV 0C Model Recovery Summary ;
-----------------------------------------
No paths to report.


----------------------------------------
; Slow 1200mV 0C Model Removal Summary ;
----------------------------------------
No paths to report.


----------------------------------------------------
; Slow 1200mV 0C Model Minimum Pulse Width Summary ;
----------------------------------------------------
No paths to report.


+--------------------------------------------------------------+
; Propagation Delay                                            ;
+------------+-------------+--------+--------+--------+--------+
; Input Port ; Output Port ; RR     ; RF     ; FR     ; FF     ;
+------------+-------------+--------+--------+--------+--------+
; A[4]       ; LEDR[4]     ; 7.536  ;        ;        ; 7.806  ;
; A[4]       ; out[0]      ; 11.777 ; 11.557 ; 12.057 ; 11.867 ;
; A[4]       ; out[1]      ; 12.016 ; 11.754 ; 12.296 ; 12.064 ;
; A[4]       ; out[2]      ; 10.805 ; 10.697 ; 11.078 ; 10.970 ;
; A[4]       ; out[3]      ; 11.084 ; 10.969 ; 11.341 ; 11.226 ;
; A[4]       ; out[4]      ; 12.365 ; 12.123 ; 12.606 ; 12.364 ;
; A[5]       ; LEDR[5]     ; 7.818  ;        ;        ; 8.079  ;
; A[5]       ; out[0]      ; 12.221 ; 12.001 ; 12.476 ; 12.286 ;
; A[5]       ; out[1]      ; 12.460 ; 12.198 ; 12.715 ; 12.483 ;
; A[5]       ; out[2]      ; 11.249 ; 11.141 ; 11.535 ; 11.427 ;
; A[5]       ; out[3]      ; 11.528 ; 11.413 ; 11.798 ; 11.683 ;
; A[5]       ; out[4]      ; 12.809 ; 12.567 ; 13.063 ; 12.821 ;
; A[6]       ; LEDR[6]     ; 8.030  ;        ;        ; 8.333  ;
; A[6]       ; out[0]      ; 11.641 ; 11.421 ; 11.942 ; 11.752 ;
; A[6]       ; out[1]      ; 11.880 ; 11.618 ; 12.181 ; 11.949 ;
; A[6]       ; out[2]      ; 10.502 ; 10.366 ; 10.816 ; 10.685 ;
; A[6]       ; out[3]      ; 10.771 ; 10.656 ; 11.094 ; 10.979 ;
; A[6]       ; out[4]      ; 12.054 ; 11.812 ; 12.322 ; 12.080 ;
; A[7]       ; LEDR[7]     ; 7.731  ;        ;        ; 8.048  ;
; A[7]       ; out[0]      ; 11.110 ; 10.890 ; 11.416 ; 11.226 ;
; A[7]       ; out[1]      ; 11.349 ; 11.087 ; 11.655 ; 11.423 ;
; A[7]       ; out[2]      ; 9.971  ; 9.835  ; 10.290 ; 10.159 ;
; A[7]       ; out[3]      ; 10.666 ; 10.528 ; 10.987 ; 10.883 ;
; A[7]       ; out[4]      ; 12.041 ; 11.799 ; 12.396 ; 12.154 ;
; B[0]       ; LEDR[0]     ; 7.756  ;        ;        ; 8.060  ;
; B[0]       ; out[0]      ; 12.834 ; 12.644 ; 13.157 ; 12.937 ;
; B[0]       ; out[1]      ; 13.073 ; 12.841 ; 13.396 ; 13.134 ;
; B[0]       ; out[2]      ; 12.237 ; 12.129 ; 12.543 ; 12.435 ;
; B[0]       ; out[3]      ; 12.470 ; 12.355 ; 12.776 ; 12.661 ;
; B[0]       ; out[4]      ; 13.751 ; 13.509 ; 14.057 ; 13.815 ;
; B[1]       ; LEDR[1]     ; 7.772  ;        ;        ; 8.015  ;
; B[1]       ; out[0]      ; 11.872 ; 11.682 ; 12.192 ; 11.972 ;
; B[1]       ; out[1]      ; 12.111 ; 11.879 ; 12.431 ; 12.169 ;
; B[1]       ; out[2]      ; 11.395 ; 11.287 ; 11.721 ; 11.613 ;
; B[1]       ; out[3]      ; 11.628 ; 11.513 ; 11.956 ; 11.841 ;
; B[1]       ; out[4]      ; 12.909 ; 12.667 ; 13.221 ; 12.979 ;
; B[2]       ; LEDR[2]     ; 7.797  ;        ;        ; 8.021  ;
; B[2]       ; out[0]      ; 11.012 ; 10.822 ; 11.294 ; 11.074 ;
; B[2]       ; out[1]      ; 11.251 ; 11.019 ; 11.533 ; 11.271 ;
; B[2]       ; out[2]      ; 11.033 ; 10.900 ; 11.319 ; 11.186 ;
; B[2]       ; out[3]      ; 11.660 ; 11.527 ; 11.959 ; 11.826 ;
; B[2]       ; out[4]      ; 13.040 ; 12.798 ; 13.339 ; 13.097 ;
; B[3]       ; LEDR[3]     ; 7.909  ;        ;        ; 8.191  ;
; B[3]       ; out[0]      ; 10.775 ; 10.585 ; 11.088 ; 10.868 ;
; B[3]       ; out[1]      ; 11.014 ; 10.782 ; 11.327 ; 11.065 ;
; B[3]       ; out[2]      ; 9.649  ; 9.518  ; 9.949  ; 9.813  ;
; B[3]       ; out[3]      ; 11.908 ; 11.775 ; 12.215 ; 12.082 ;
; B[3]       ; out[4]      ; 13.288 ; 13.046 ; 13.595 ; 13.353 ;
; add_sub    ; LEDR[8]     ; 7.964  ;        ;        ; 8.270  ;
; add_sub    ; out[1]      ; 12.828 ; 12.525 ; 13.162 ; 12.872 ;
; add_sub    ; out[2]      ; 12.342 ; 12.234 ; 12.689 ; 12.581 ;
; add_sub    ; out[3]      ; 12.577 ; 12.462 ; 12.922 ; 12.807 ;
; add_sub    ; out[4]      ; 13.842 ; 13.600 ; 14.203 ; 13.961 ;
+------------+-------------+--------+--------+--------+--------+


+--------------------------------------------------------------+
; Minimum Propagation Delay                                    ;
+------------+-------------+--------+--------+--------+--------+
; Input Port ; Output Port ; RR     ; RF     ; FR     ; FF     ;
+------------+-------------+--------+--------+--------+--------+
; A[4]       ; LEDR[4]     ; 7.263  ;        ;        ; 7.520  ;
; A[4]       ; out[0]      ; 9.195  ; 8.979  ; 9.488  ; 9.267  ;
; A[4]       ; out[1]      ; 10.342 ; 10.072 ; 10.623 ; 10.332 ;
; A[4]       ; out[2]      ; 9.419  ; 9.291  ; 9.754  ; 9.630  ;
; A[4]       ; out[3]      ; 9.378  ; 9.243  ; 9.659  ; 9.510  ;
; A[4]       ; out[4]      ; 10.175 ; 9.978  ; 10.410 ; 10.208 ;
; A[5]       ; LEDR[5]     ; 7.535  ;        ;        ; 7.783  ;
; A[5]       ; out[0]      ; 11.614 ; 11.363 ; 11.817 ; 11.628 ;
; A[5]       ; out[1]      ; 10.814 ; 10.497 ; 11.056 ; 10.770 ;
; A[5]       ; out[2]      ; 10.174 ; 10.030 ; 10.435 ; 10.322 ;
; A[5]       ; out[3]      ; 10.450 ; 10.301 ; 10.723 ; 10.574 ;
; A[5]       ; out[4]      ; 10.599 ; 10.402 ; 10.848 ; 10.646 ;
; A[6]       ; LEDR[6]     ; 7.739  ;        ;        ; 8.028  ;
; A[6]       ; out[0]      ; 11.040 ; 10.789 ; 11.303 ; 11.114 ;
; A[6]       ; out[1]      ; 11.269 ; 10.983 ; 11.530 ; 11.314 ;
; A[6]       ; out[2]      ; 9.454  ; 9.309  ; 9.761  ; 9.611  ;
; A[6]       ; out[3]      ; 9.798  ; 9.671  ; 10.057 ; 9.925  ;
; A[6]       ; out[4]      ; 9.880  ; 9.683  ; 10.139 ; 9.937  ;
; A[7]       ; LEDR[7]     ; 7.451  ;        ;        ; 7.753  ;
; A[7]       ; out[0]      ; 10.662 ; 10.411 ; 10.938 ; 10.749 ;
; A[7]       ; out[1]      ; 10.891 ; 10.605 ; 11.165 ; 10.949 ;
; A[7]       ; out[2]      ; 9.603  ; 9.471  ; 9.907  ; 9.780  ;
; A[7]       ; out[3]      ; 9.578  ; 9.438  ; 9.883  ; 9.748  ;
; A[7]       ; out[4]      ; 10.434 ; 10.224 ; 10.723 ; 10.563 ;
; B[0]       ; LEDR[0]     ; 7.477  ;        ;        ; 7.766  ;
; B[0]       ; out[0]      ; 10.052 ; 9.837  ; 10.354 ; 10.170 ;
; B[0]       ; out[1]      ; 11.081 ; 10.823 ; 11.394 ; 11.122 ;
; B[0]       ; out[2]      ; 10.158 ; 10.030 ; 10.512 ; 10.384 ;
; B[0]       ; out[3]      ; 10.117 ; 9.982  ; 10.430 ; 10.281 ;
; B[0]       ; out[4]      ; 10.928 ; 10.736 ; 11.263 ; 11.061 ;
; B[1]       ; LEDR[1]     ; 7.490  ;        ;        ; 7.721  ;
; B[1]       ; out[0]      ; 11.172 ; 10.983 ; 11.520 ; 11.269 ;
; B[1]       ; out[1]      ; 10.856 ; 10.551 ; 11.144 ; 10.863 ;
; B[1]       ; out[2]      ; 9.789  ; 9.641  ; 10.087 ; 9.960  ;
; B[1]       ; out[3]      ; 10.084 ; 9.952  ; 10.403 ; 10.271 ;
; B[1]       ; out[4]      ; 10.166 ; 9.964  ; 10.485 ; 10.283 ;
; B[2]       ; LEDR[2]     ; 7.514  ;        ;        ; 7.727  ;
; B[2]       ; out[0]      ; 10.483 ; 10.294 ; 10.773 ; 10.522 ;
; B[2]       ; out[1]      ; 10.710 ; 10.494 ; 11.002 ; 10.716 ;
; B[2]       ; out[2]      ; 9.452  ; 9.325  ; 9.714  ; 9.582  ;
; B[2]       ; out[3]      ; 9.428  ; 9.293  ; 9.689  ; 9.549  ;
; B[2]       ; out[4]      ; 10.115 ; 9.918  ; 10.349 ; 10.147 ;
; B[3]       ; LEDR[3]     ; 7.621  ;        ;        ; 7.890  ;
; B[3]       ; out[0]      ; 10.260 ; 10.071 ; 10.575 ; 10.324 ;
; B[3]       ; out[1]      ; 10.487 ; 10.271 ; 10.804 ; 10.518 ;
; B[3]       ; out[2]      ; 9.229  ; 9.102  ; 9.516  ; 9.384  ;
; B[3]       ; out[3]      ; 9.205  ; 9.070  ; 9.491  ; 9.351  ;
; B[3]       ; out[4]      ; 10.045 ; 9.885  ; 10.347 ; 10.167 ;
; add_sub    ; LEDR[8]     ; 7.673  ;        ;        ; 7.964  ;
; add_sub    ; out[1]      ; 11.717 ; 11.436 ; 12.067 ; 11.760 ;
; add_sub    ; out[2]      ; 10.674 ; 10.545 ; 10.993 ; 10.845 ;
; add_sub    ; out[3]      ; 10.638 ; 10.516 ; 10.900 ; 10.770 ;
; add_sub    ; out[4]      ; 11.077 ; 10.875 ; 11.370 ; 11.168 ;
+------------+-------------+--------+--------+--------+--------+


---------------------------------------------
; Slow 1200mV 0C Model Metastability Report ;
---------------------------------------------
No synchronizer chains to report.


--------------------------------------
; Fast 1200mV 0C Model Setup Summary ;
--------------------------------------
No paths to report.


-------------------------------------
; Fast 1200mV 0C Model Hold Summary ;
-------------------------------------
No paths to report.


-----------------------------------------
; Fast 1200mV 0C Model Recovery Summary ;
-----------------------------------------
No paths to report.


----------------------------------------
; Fast 1200mV 0C Model Removal Summary ;
----------------------------------------
No paths to report.


----------------------------------------------------
; Fast 1200mV 0C Model Minimum Pulse Width Summary ;
----------------------------------------------------
No paths to report.


+----------------------------------------------------------+
; Propagation Delay                                        ;
+------------+-------------+-------+-------+-------+-------+
; Input Port ; Output Port ; RR    ; RF    ; FR    ; FF    ;
+------------+-------------+-------+-------+-------+-------+
; A[4]       ; LEDR[4]     ; 4.437 ;       ;       ; 5.147 ;
; A[4]       ; out[0]      ; 6.655 ; 6.728 ; 7.287 ; 7.388 ;
; A[4]       ; out[1]      ; 6.770 ; 6.847 ; 7.402 ; 7.507 ;
; A[4]       ; out[2]      ; 6.198 ; 6.219 ; 6.937 ; 6.958 ;
; A[4]       ; out[3]      ; 6.241 ; 6.276 ; 6.990 ; 7.034 ;
; A[4]       ; out[4]      ; 6.873 ; 6.984 ; 7.670 ; 7.781 ;
; A[5]       ; LEDR[5]     ; 4.594 ;       ;       ; 5.332 ;
; A[5]       ; out[0]      ; 6.877 ; 6.950 ; 7.527 ; 7.628 ;
; A[5]       ; out[1]      ; 6.992 ; 7.069 ; 7.642 ; 7.747 ;
; A[5]       ; out[2]      ; 6.421 ; 6.442 ; 7.199 ; 7.220 ;
; A[5]       ; out[3]      ; 6.466 ; 6.501 ; 7.252 ; 7.296 ;
; A[5]       ; out[4]      ; 7.098 ; 7.209 ; 7.932 ; 8.043 ;
; A[6]       ; LEDR[6]     ; 4.742 ;       ;       ; 5.505 ;
; A[6]       ; out[0]      ; 6.574 ; 6.647 ; 7.267 ; 7.368 ;
; A[6]       ; out[1]      ; 6.689 ; 6.766 ; 7.382 ; 7.487 ;
; A[6]       ; out[2]      ; 6.008 ; 6.052 ; 6.749 ; 6.773 ;
; A[6]       ; out[3]      ; 6.096 ; 6.131 ; 6.872 ; 6.907 ;
; A[6]       ; out[4]      ; 6.730 ; 6.841 ; 7.531 ; 7.642 ;
; A[7]       ; LEDR[7]     ; 4.575 ;       ;       ; 5.319 ;
; A[7]       ; out[0]      ; 6.304 ; 6.377 ; 7.061 ; 7.162 ;
; A[7]       ; out[1]      ; 6.419 ; 6.496 ; 7.176 ; 7.281 ;
; A[7]       ; out[2]      ; 5.738 ; 5.782 ; 6.516 ; 6.567 ;
; A[7]       ; out[3]      ; 6.076 ; 6.139 ; 6.887 ; 6.959 ;
; A[7]       ; out[4]      ; 6.775 ; 6.886 ; 7.595 ; 7.706 ;
; B[0]       ; LEDR[0]     ; 4.611 ;       ;       ; 5.347 ;
; B[0]       ; out[0]      ; 7.127 ; 7.228 ; 8.067 ; 8.140 ;
; B[0]       ; out[1]      ; 7.242 ; 7.347 ; 8.182 ; 8.259 ;
; B[0]       ; out[2]      ; 6.991 ; 7.012 ; 7.803 ; 7.824 ;
; B[0]       ; out[3]      ; 7.031 ; 7.075 ; 7.843 ; 7.887 ;
; B[0]       ; out[4]      ; 7.711 ; 7.822 ; 8.523 ; 8.634 ;
; B[1]       ; LEDR[1]     ; 4.570 ;       ;       ; 5.291 ;
; B[1]       ; out[0]      ; 6.602 ; 6.703 ; 7.461 ; 7.534 ;
; B[1]       ; out[1]      ; 6.717 ; 6.822 ; 7.576 ; 7.653 ;
; B[1]       ; out[2]      ; 6.526 ; 6.547 ; 7.274 ; 7.295 ;
; B[1]       ; out[3]      ; 6.566 ; 6.610 ; 7.314 ; 7.358 ;
; B[1]       ; out[4]      ; 7.246 ; 7.357 ; 7.994 ; 8.105 ;
; B[2]       ; LEDR[2]     ; 4.568 ;       ;       ; 5.289 ;
; B[2]       ; out[0]      ; 6.149 ; 6.250 ; 6.973 ; 7.046 ;
; B[2]       ; out[1]      ; 6.264 ; 6.369 ; 7.088 ; 7.165 ;
; B[2]       ; out[2]      ; 6.308 ; 6.314 ; 7.053 ; 7.059 ;
; B[2]       ; out[3]      ; 6.596 ; 6.665 ; 7.326 ; 7.395 ;
; B[2]       ; out[4]      ; 7.301 ; 7.412 ; 8.031 ; 8.142 ;
; B[3]       ; LEDR[3]     ; 4.661 ;       ;       ; 5.403 ;
; B[3]       ; out[0]      ; 6.066 ; 6.167 ; 6.885 ; 6.958 ;
; B[3]       ; out[1]      ; 6.181 ; 6.286 ; 7.000 ; 7.077 ;
; B[3]       ; out[2]      ; 5.521 ; 5.572 ; 6.319 ; 6.363 ;
; B[3]       ; out[3]      ; 6.735 ; 6.804 ; 7.491 ; 7.560 ;
; B[3]       ; out[4]      ; 7.440 ; 7.551 ; 8.196 ; 8.307 ;
; add_sub    ; LEDR[8]     ; 4.677 ;       ;       ; 5.436 ;
; add_sub    ; out[1]      ; 7.167 ; 7.286 ; 7.990 ; 8.109 ;
; add_sub    ; out[2]      ; 7.053 ; 7.074 ; 7.876 ; 7.897 ;
; add_sub    ; out[3]      ; 7.093 ; 7.137 ; 7.916 ; 7.960 ;
; add_sub    ; out[4]      ; 7.773 ; 7.884 ; 8.596 ; 8.707 ;
+------------+-------------+-------+-------+-------+-------+


+----------------------------------------------------------+
; Minimum Propagation Delay                                ;
+------------+-------------+-------+-------+-------+-------+
; Input Port ; Output Port ; RR    ; RF    ; FR    ; FF    ;
+------------+-------------+-------+-------+-------+-------+
; A[4]       ; LEDR[4]     ; 4.285 ;       ;       ; 4.984 ;
; A[4]       ; out[0]      ; 5.249 ; 5.336 ; 5.972 ; 6.052 ;
; A[4]       ; out[1]      ; 5.820 ; 5.914 ; 6.552 ; 6.633 ;
; A[4]       ; out[2]      ; 5.437 ; 5.446 ; 6.191 ; 6.205 ;
; A[4]       ; out[3]      ; 5.405 ; 5.424 ; 6.129 ; 6.143 ;
; A[4]       ; out[4]      ; 5.729 ; 5.814 ; 6.518 ; 6.596 ;
; A[5]       ; LEDR[5]     ; 4.436 ;       ;       ; 5.161 ;
; A[5]       ; out[0]      ; 6.560 ; 6.613 ; 7.172 ; 7.269 ;
; A[5]       ; out[1]      ; 6.036 ; 6.155 ; 6.782 ; 6.921 ;
; A[5]       ; out[2]      ; 5.755 ; 5.841 ; 6.526 ; 6.632 ;
; A[5]       ; out[3]      ; 5.918 ; 5.980 ; 6.664 ; 6.705 ;
; A[5]       ; out[4]      ; 5.946 ; 6.031 ; 6.770 ; 6.848 ;
; A[6]       ; LEDR[6]     ; 4.579 ;       ;       ; 5.329 ;
; A[6]       ; out[0]      ; 6.247 ; 6.300 ; 6.917 ; 7.014 ;
; A[6]       ; out[1]      ; 6.356 ; 6.416 ; 7.026 ; 7.132 ;
; A[6]       ; out[2]      ; 5.400 ; 5.491 ; 6.162 ; 6.246 ;
; A[6]       ; out[3]      ; 5.564 ; 5.629 ; 6.357 ; 6.415 ;
; A[6]       ; out[4]      ; 5.592 ; 5.677 ; 6.385 ; 6.463 ;
; A[7]       ; LEDR[7]     ; 4.419 ;       ;       ; 5.150 ;
; A[7]       ; out[0]      ; 6.060 ; 6.113 ; 6.793 ; 6.890 ;
; A[7]       ; out[1]      ; 6.169 ; 6.229 ; 6.902 ; 7.008 ;
; A[7]       ; out[2]      ; 5.536 ; 5.579 ; 6.299 ; 6.349 ;
; A[7]       ; out[3]      ; 5.521 ; 5.555 ; 6.285 ; 6.326 ;
; A[7]       ; out[4]      ; 5.931 ; 5.993 ; 6.707 ; 6.799 ;
; B[0]       ; LEDR[0]     ; 4.456 ;       ;       ; 5.179 ;
; B[0]       ; out[0]      ; 5.728 ; 5.811 ; 6.506 ; 6.608 ;
; B[0]       ; out[1]      ; 6.264 ; 6.332 ; 7.060 ; 7.123 ;
; B[0]       ; out[2]      ; 5.855 ; 5.864 ; 6.679 ; 6.688 ;
; B[0]       ; out[3]      ; 5.823 ; 5.842 ; 6.619 ; 6.633 ;
; B[0]       ; out[4]      ; 6.195 ; 6.288 ; 7.007 ; 7.092 ;
; B[1]       ; LEDR[1]     ; 4.414 ;       ;       ; 5.122 ;
; B[1]       ; out[0]      ; 6.236 ; 6.333 ; 7.106 ; 7.159 ;
; B[1]       ; out[1]      ; 6.065 ; 6.196 ; 6.781 ; 6.912 ;
; B[1]       ; out[2]      ; 5.577 ; 5.669 ; 6.295 ; 6.387 ;
; B[1]       ; out[3]      ; 5.728 ; 5.769 ; 6.451 ; 6.516 ;
; B[1]       ; out[4]      ; 5.761 ; 5.846 ; 6.479 ; 6.564 ;
; B[2]       ; LEDR[2]     ; 4.411 ;       ;       ; 5.121 ;
; B[2]       ; out[0]      ; 5.869 ; 5.966 ; 6.689 ; 6.742 ;
; B[2]       ; out[1]      ; 5.978 ; 6.084 ; 6.798 ; 6.858 ;
; B[2]       ; out[2]      ; 5.375 ; 5.425 ; 6.165 ; 6.208 ;
; B[2]       ; out[3]      ; 5.361 ; 5.402 ; 6.150 ; 6.184 ;
; B[2]       ; out[4]      ; 5.691 ; 5.776 ; 6.477 ; 6.555 ;
; B[3]       ; LEDR[3]     ; 4.500 ;       ;       ; 5.230 ;
; B[3]       ; out[0]      ; 5.790 ; 5.887 ; 6.603 ; 6.656 ;
; B[3]       ; out[1]      ; 5.899 ; 6.005 ; 6.712 ; 6.772 ;
; B[3]       ; out[2]      ; 5.296 ; 5.346 ; 6.079 ; 6.122 ;
; B[3]       ; out[3]      ; 5.282 ; 5.323 ; 6.064 ; 6.098 ;
; B[3]       ; out[4]      ; 5.704 ; 5.796 ; 6.499 ; 6.591 ;
; add_sub    ; LEDR[8]     ; 4.514 ;       ;       ; 5.260 ;
; add_sub    ; out[1]      ; 6.544 ; 6.675 ; 7.364 ; 7.495 ;
; add_sub    ; out[2]      ; 6.060 ; 6.152 ; 6.873 ; 6.964 ;
; add_sub    ; out[3]      ; 6.029 ; 6.094 ; 6.872 ; 6.935 ;
; add_sub    ; out[4]      ; 6.244 ; 6.329 ; 7.063 ; 7.148 ;
+------------+-------------+-------+-------+-------+-------+


---------------------------------------------
; Fast 1200mV 0C Model Metastability Report ;
---------------------------------------------
No synchronizer chains to report.


+----------------------------------------------------------------------------+
; Multicorner Timing Analysis Summary                                        ;
+------------------+-------+------+----------+---------+---------------------+
; Clock            ; Setup ; Hold ; Recovery ; Removal ; Minimum Pulse Width ;
+------------------+-------+------+----------+---------+---------------------+
; Worst-case Slack ; N/A   ; N/A  ; N/A      ; N/A     ; N/A                 ;
; Design-wide TNS  ; 0.0   ; 0.0  ; 0.0      ; 0.0     ; 0.0                 ;
+------------------+-------+------+----------+---------+---------------------+


+--------------------------------------------------------------+
; Propagation Delay                                            ;
+------------+-------------+--------+--------+--------+--------+
; Input Port ; Output Port ; RR     ; RF     ; FR     ; FF     ;
+------------+-------------+--------+--------+--------+--------+
; A[4]       ; LEDR[4]     ; 8.412  ;        ;        ; 8.847  ;
; A[4]       ; out[0]      ; 13.045 ; 12.875 ; 13.449 ; 13.314 ;
; A[4]       ; out[1]      ; 13.304 ; 13.103 ; 13.708 ; 13.542 ;
; A[4]       ; out[2]      ; 12.010 ; 11.903 ; 12.478 ; 12.371 ;
; A[4]       ; out[3]      ; 12.250 ; 12.153 ; 12.711 ; 12.614 ;
; A[4]       ; out[4]      ; 13.611 ; 13.465 ; 14.093 ; 13.947 ;
; A[5]       ; LEDR[5]     ; 8.713  ;        ;        ; 9.152  ;
; A[5]       ; out[0]      ; 13.523 ; 13.353 ; 13.918 ; 13.783 ;
; A[5]       ; out[1]      ; 13.782 ; 13.581 ; 14.177 ; 14.011 ;
; A[5]       ; out[2]      ; 12.488 ; 12.381 ; 12.992 ; 12.885 ;
; A[5]       ; out[3]      ; 12.730 ; 12.633 ; 13.225 ; 13.128 ;
; A[5]       ; out[4]      ; 14.091 ; 13.945 ; 14.607 ; 14.461 ;
; A[6]       ; LEDR[6]     ; 8.943  ;        ;        ; 9.420  ;
; A[6]       ; out[0]      ; 12.880 ; 12.710 ; 13.343 ; 13.208 ;
; A[6]       ; out[1]      ; 13.139 ; 12.938 ; 13.602 ; 13.436 ;
; A[6]       ; out[2]      ; 11.639 ; 11.522 ; 12.121 ; 12.013 ;
; A[6]       ; out[3]      ; 11.911 ; 11.814 ; 12.446 ; 12.349 ;
; A[6]       ; out[4]      ; 13.273 ; 13.127 ; 13.784 ; 13.638 ;
; A[7]       ; LEDR[7]     ; 8.622  ;        ;        ; 9.110  ;
; A[7]       ; out[0]      ; 12.267 ; 12.097 ; 12.782 ; 12.647 ;
; A[7]       ; out[1]      ; 12.526 ; 12.325 ; 13.041 ; 12.875 ;
; A[7]       ; out[2]      ; 11.026 ; 10.909 ; 11.560 ; 11.452 ;
; A[7]       ; out[3]      ; 11.778 ; 11.678 ; 12.331 ; 12.268 ;
; A[7]       ; out[4]      ; 13.266 ; 13.120 ; 13.856 ; 13.710 ;
; B[0]       ; LEDR[0]     ; 8.648  ;        ;        ; 9.114  ;
; B[0]       ; out[0]      ; 14.109 ; 13.974 ; 14.748 ; 14.578 ;
; B[0]       ; out[1]      ; 14.368 ; 14.202 ; 15.007 ; 14.806 ;
; B[0]       ; out[2]      ; 13.565 ; 13.458 ; 14.098 ; 13.991 ;
; B[0]       ; out[3]      ; 13.767 ; 13.670 ; 14.300 ; 14.203 ;
; B[0]       ; out[4]      ; 15.149 ; 15.003 ; 15.682 ; 15.536 ;
; B[1]       ; LEDR[1]     ; 8.666  ;        ;        ; 9.075  ;
; B[1]       ; out[0]      ; 13.083 ; 12.948 ; 13.673 ; 13.503 ;
; B[1]       ; out[1]      ; 13.342 ; 13.176 ; 13.932 ; 13.731 ;
; B[1]       ; out[2]      ; 12.671 ; 12.564 ; 13.195 ; 13.088 ;
; B[1]       ; out[3]      ; 12.873 ; 12.776 ; 13.397 ; 13.300 ;
; B[1]       ; out[4]      ; 14.255 ; 14.109 ; 14.779 ; 14.633 ;
; B[2]       ; LEDR[2]     ; 8.695  ;        ;        ; 9.082  ;
; B[2]       ; out[0]      ; 12.138 ; 12.003 ; 12.672 ; 12.502 ;
; B[2]       ; out[1]      ; 12.397 ; 12.231 ; 12.931 ; 12.730 ;
; B[2]       ; out[2]      ; 12.242 ; 12.086 ; 12.734 ; 12.578 ;
; B[2]       ; out[3]      ; 12.876 ; 12.806 ; 13.353 ; 13.268 ;
; B[2]       ; out[4]      ; 14.394 ; 14.248 ; 14.856 ; 14.710 ;
; B[3]       ; LEDR[3]     ; 8.815  ;        ;        ; 9.272  ;
; B[3]       ; out[0]      ; 11.893 ; 11.758 ; 12.433 ; 12.263 ;
; B[3]       ; out[1]      ; 12.152 ; 11.986 ; 12.692 ; 12.491 ;
; B[3]       ; out[2]      ; 10.671 ; 10.563 ; 11.192 ; 11.075 ;
; B[3]       ; out[3]      ; 13.152 ; 13.082 ; 13.639 ; 13.542 ;
; B[3]       ; out[4]      ; 14.670 ; 14.524 ; 15.130 ; 14.984 ;
; add_sub    ; LEDR[8]     ; 8.873  ;        ;        ; 9.364  ;
; add_sub    ; out[1]      ; 14.129 ; 13.928 ; 14.698 ; 14.497 ;
; add_sub    ; out[2]      ; 13.693 ; 13.586 ; 14.262 ; 14.155 ;
; add_sub    ; out[3]      ; 13.895 ; 13.798 ; 14.464 ; 14.367 ;
; add_sub    ; out[4]      ; 15.277 ; 15.131 ; 15.846 ; 15.700 ;
+------------+-------------+--------+--------+--------+--------+


+----------------------------------------------------------+
; Minimum Propagation Delay                                ;
+------------+-------------+-------+-------+-------+-------+
; Input Port ; Output Port ; RR    ; RF    ; FR    ; FF    ;
+------------+-------------+-------+-------+-------+-------+
; A[4]       ; LEDR[4]     ; 4.285 ;       ;       ; 4.984 ;
; A[4]       ; out[0]      ; 5.249 ; 5.336 ; 5.972 ; 6.052 ;
; A[4]       ; out[1]      ; 5.820 ; 5.914 ; 6.552 ; 6.633 ;
; A[4]       ; out[2]      ; 5.437 ; 5.446 ; 6.191 ; 6.205 ;
; A[4]       ; out[3]      ; 5.405 ; 5.424 ; 6.129 ; 6.143 ;
; A[4]       ; out[4]      ; 5.729 ; 5.814 ; 6.518 ; 6.596 ;
; A[5]       ; LEDR[5]     ; 4.436 ;       ;       ; 5.161 ;
; A[5]       ; out[0]      ; 6.560 ; 6.613 ; 7.172 ; 7.269 ;
; A[5]       ; out[1]      ; 6.036 ; 6.155 ; 6.782 ; 6.921 ;
; A[5]       ; out[2]      ; 5.755 ; 5.841 ; 6.526 ; 6.632 ;
; A[5]       ; out[3]      ; 5.918 ; 5.980 ; 6.664 ; 6.705 ;
; A[5]       ; out[4]      ; 5.946 ; 6.031 ; 6.770 ; 6.848 ;
; A[6]       ; LEDR[6]     ; 4.579 ;       ;       ; 5.329 ;
; A[6]       ; out[0]      ; 6.247 ; 6.300 ; 6.917 ; 7.014 ;
; A[6]       ; out[1]      ; 6.356 ; 6.416 ; 7.026 ; 7.132 ;
; A[6]       ; out[2]      ; 5.400 ; 5.491 ; 6.162 ; 6.246 ;
; A[6]       ; out[3]      ; 5.564 ; 5.629 ; 6.357 ; 6.415 ;
; A[6]       ; out[4]      ; 5.592 ; 5.677 ; 6.385 ; 6.463 ;
; A[7]       ; LEDR[7]     ; 4.419 ;       ;       ; 5.150 ;
; A[7]       ; out[0]      ; 6.060 ; 6.113 ; 6.793 ; 6.890 ;
; A[7]       ; out[1]      ; 6.169 ; 6.229 ; 6.902 ; 7.008 ;
; A[7]       ; out[2]      ; 5.536 ; 5.579 ; 6.299 ; 6.349 ;
; A[7]       ; out[3]      ; 5.521 ; 5.555 ; 6.285 ; 6.326 ;
; A[7]       ; out[4]      ; 5.931 ; 5.993 ; 6.707 ; 6.799 ;
; B[0]       ; LEDR[0]     ; 4.456 ;       ;       ; 5.179 ;
; B[0]       ; out[0]      ; 5.728 ; 5.811 ; 6.506 ; 6.608 ;
; B[0]       ; out[1]      ; 6.264 ; 6.332 ; 7.060 ; 7.123 ;
; B[0]       ; out[2]      ; 5.855 ; 5.864 ; 6.679 ; 6.688 ;
; B[0]       ; out[3]      ; 5.823 ; 5.842 ; 6.619 ; 6.633 ;
; B[0]       ; out[4]      ; 6.195 ; 6.288 ; 7.007 ; 7.092 ;
; B[1]       ; LEDR[1]     ; 4.414 ;       ;       ; 5.122 ;
; B[1]       ; out[0]      ; 6.236 ; 6.333 ; 7.106 ; 7.159 ;
; B[1]       ; out[1]      ; 6.065 ; 6.196 ; 6.781 ; 6.912 ;
; B[1]       ; out[2]      ; 5.577 ; 5.669 ; 6.295 ; 6.387 ;
; B[1]       ; out[3]      ; 5.728 ; 5.769 ; 6.451 ; 6.516 ;
; B[1]       ; out[4]      ; 5.761 ; 5.846 ; 6.479 ; 6.564 ;
; B[2]       ; LEDR[2]     ; 4.411 ;       ;       ; 5.121 ;
; B[2]       ; out[0]      ; 5.869 ; 5.966 ; 6.689 ; 6.742 ;
; B[2]       ; out[1]      ; 5.978 ; 6.084 ; 6.798 ; 6.858 ;
; B[2]       ; out[2]      ; 5.375 ; 5.425 ; 6.165 ; 6.208 ;
; B[2]       ; out[3]      ; 5.361 ; 5.402 ; 6.150 ; 6.184 ;
; B[2]       ; out[4]      ; 5.691 ; 5.776 ; 6.477 ; 6.555 ;
; B[3]       ; LEDR[3]     ; 4.500 ;       ;       ; 5.230 ;
; B[3]       ; out[0]      ; 5.790 ; 5.887 ; 6.603 ; 6.656 ;
; B[3]       ; out[1]      ; 5.899 ; 6.005 ; 6.712 ; 6.772 ;
; B[3]       ; out[2]      ; 5.296 ; 5.346 ; 6.079 ; 6.122 ;
; B[3]       ; out[3]      ; 5.282 ; 5.323 ; 6.064 ; 6.098 ;
; B[3]       ; out[4]      ; 5.704 ; 5.796 ; 6.499 ; 6.591 ;
; add_sub    ; LEDR[8]     ; 4.514 ;       ;       ; 5.260 ;
; add_sub    ; out[1]      ; 6.544 ; 6.675 ; 7.364 ; 7.495 ;
; add_sub    ; out[2]      ; 6.060 ; 6.152 ; 6.873 ; 6.964 ;
; add_sub    ; out[3]      ; 6.029 ; 6.094 ; 6.872 ; 6.935 ;
; add_sub    ; out[4]      ; 6.244 ; 6.329 ; 7.063 ; 7.148 ;
+------------+-------------+-------+-------+-------+-------+


+------------------------------------------------------------------------------------------------------------------------------------------------------------------------------------------------------------------------------------------------------------------------------------------------------------------------------------------------------------------------------------------------------------------+
; Board Trace Model Assignments                                                                                                                                                                                                                                                                                                                                                                                    ;
+---------------+--------------+-------------------+-------------------------+-------------------------+---------------+---------------------+----------------+------------------+--------+------------------+------------------------+------------------------+--------------+---------------+-----------------+-------+---------------------+--------------------+---------------+-----------------+-------------+
; Pin           ; I/O Standard ; Near Tline Length ; Near Tline L per Length ; Near Tline C per Length ; Near Series R ; Near Differential R ; Near Pull-up R ; Near Pull-down R ; Near C ; Far Tline Length ; Far Tline L per Length ; Far Tline C per Length ; Far Series R ; Far Pull-up R ; Far Pull-down R ; Far C ; Termination Voltage ; Far Differential R ; EBD File Name ; EBD Signal Name ; EBD Far-end ;
+---------------+--------------+-------------------+-------------------------+-------------------------+---------------+---------------------+----------------+------------------+--------+------------------+------------------------+------------------------+--------------+---------------+-----------------+-------+---------------------+--------------------+---------------+-----------------+-------------+
; LEDR[0]       ; 2.5 V        ; 0 in              ; 0 H/in                  ; 0 F/in                  ; short         ; -                   ; open           ; open             ; open   ; 0 in             ; 0 H/in                 ; 0 F/in                 ; short        ; open          ; open            ; open  ; 0 V                 ; -                  ; n/a           ; n/a             ; n/a         ;
; LEDR[1]       ; 2.5 V        ; 0 in              ; 0 H/in                  ; 0 F/in                  ; short         ; -                   ; open           ; open             ; open   ; 0 in             ; 0 H/in                 ; 0 F/in                 ; short        ; open          ; open            ; open  ; 0 V                 ; -                  ; n/a           ; n/a             ; n/a         ;
; LEDR[2]       ; 2.5 V        ; 0 in              ; 0 H/in                  ; 0 F/in                  ; short         ; -                   ; open           ; open             ; open   ; 0 in             ; 0 H/in                 ; 0 F/in                 ; short        ; open          ; open            ; open  ; 0 V                 ; -                  ; n/a           ; n/a             ; n/a         ;
; LEDR[3]       ; 2.5 V        ; 0 in              ; 0 H/in                  ; 0 F/in                  ; short         ; -                   ; open           ; open             ; open   ; 0 in             ; 0 H/in                 ; 0 F/in                 ; short        ; open          ; open            ; open  ; 0 V                 ; -                  ; n/a           ; n/a             ; n/a         ;
; LEDR[4]       ; 2.5 V        ; 0 in              ; 0 H/in                  ; 0 F/in                  ; short         ; -                   ; open           ; open             ; open   ; 0 in             ; 0 H/in                 ; 0 F/in                 ; short        ; open          ; open            ; open  ; 0 V                 ; -                  ; n/a           ; n/a             ; n/a         ;
; LEDR[5]       ; 2.5 V        ; 0 in              ; 0 H/in                  ; 0 F/in                  ; short         ; -                   ; open           ; open             ; open   ; 0 in             ; 0 H/in                 ; 0 F/in                 ; short        ; open          ; open            ; open  ; 0 V                 ; -                  ; n/a           ; n/a             ; n/a         ;
; LEDR[6]       ; 2.5 V        ; 0 in              ; 0 H/in                  ; 0 F/in                  ; short         ; -                   ; open           ; open             ; open   ; 0 in             ; 0 H/in                 ; 0 F/in                 ; short        ; open          ; open            ; open  ; 0 V                 ; -                  ; n/a           ; n/a             ; n/a         ;
; LEDR[7]       ; 2.5 V        ; 0 in              ; 0 H/in                  ; 0 F/in                  ; short         ; -                   ; open           ; open             ; open   ; 0 in             ; 0 H/in                 ; 0 F/in                 ; short        ; open          ; open            ; open  ; 0 V                 ; -                  ; n/a           ; n/a             ; n/a         ;
; LEDR[8]       ; 2.5 V        ; 0 in              ; 0 H/in                  ; 0 F/in                  ; short         ; -                   ; open           ; open             ; open   ; 0 in             ; 0 H/in                 ; 0 F/in                 ; short        ; open          ; open            ; open  ; 0 V                 ; -                  ; n/a           ; n/a             ; n/a         ;
; out[0]        ; 2.5 V        ; 0 in              ; 0 H/in                  ; 0 F/in                  ; short         ; -                   ; open           ; open             ; open   ; 0 in             ; 0 H/in                 ; 0 F/in                 ; short        ; open          ; open            ; open  ; 0 V                 ; -                  ; n/a           ; n/a             ; n/a         ;
; out[1]        ; 2.5 V        ; 0 in              ; 0 H/in                  ; 0 F/in                  ; short         ; -                   ; open           ; open             ; open   ; 0 in             ; 0 H/in                 ; 0 F/in                 ; short        ; open          ; open            ; open  ; 0 V                 ; -                  ; n/a           ; n/a             ; n/a         ;
; out[2]        ; 2.5 V        ; 0 in              ; 0 H/in                  ; 0 F/in                  ; short         ; -                   ; open           ; open             ; open   ; 0 in             ; 0 H/in                 ; 0 F/in                 ; short        ; open          ; open            ; open  ; 0 V                 ; -                  ; n/a           ; n/a             ; n/a         ;
; out[3]        ; 2.5 V        ; 0 in              ; 0 H/in                  ; 0 F/in                  ; short         ; -                   ; open           ; open             ; open   ; 0 in             ; 0 H/in                 ; 0 F/in                 ; short        ; open          ; open            ; open  ; 0 V                 ; -                  ; n/a           ; n/a             ; n/a         ;
; out[4]        ; 2.5 V        ; 0 in              ; 0 H/in                  ; 0 F/in                  ; short         ; -                   ; open           ; open             ; open   ; 0 in             ; 0 H/in                 ; 0 F/in                 ; short        ; open          ; open            ; open  ; 0 V                 ; -                  ; n/a           ; n/a             ; n/a         ;
; ~ALTERA_DCLK~ ; 2.5 V        ; 0 in              ; 0 H/in                  ; 0 F/in                  ; short         ; -                   ; open           ; open             ; open   ; 0 in             ; 0 H/in                 ; 0 F/in                 ; short        ; open          ; open            ; open  ; 0 V                 ; -                  ; n/a           ; n/a             ; n/a         ;
; ~ALTERA_nCEO~ ; 2.5 V        ; 0 in              ; 0 H/in                  ; 0 F/in                  ; short         ; -                   ; open           ; open             ; open   ; 0 in             ; 0 H/in                 ; 0 F/in                 ; short        ; open          ; open            ; open  ; 0 V                 ; -                  ; n/a           ; n/a             ; n/a         ;
+---------------+--------------+-------------------+-------------------------+-------------------------+---------------+---------------------+----------------+------------------+--------+------------------+------------------------+------------------------+--------------+---------------+-----------------+-------+---------------------+--------------------+---------------+-----------------+-------------+


+----------------------------------------------------------------------------+
; Input Transition Times                                                     ;
+-------------------------+--------------+-----------------+-----------------+
; Pin                     ; I/O Standard ; 10-90 Rise Time ; 90-10 Fall Time ;
+-------------------------+--------------+-----------------+-----------------+
; B[0]                    ; 2.5 V        ; 2000 ps         ; 2000 ps         ;
; B[1]                    ; 2.5 V        ; 2000 ps         ; 2000 ps         ;
; B[2]                    ; 2.5 V        ; 2000 ps         ; 2000 ps         ;
; B[3]                    ; 2.5 V        ; 2000 ps         ; 2000 ps         ;
; A[4]                    ; 2.5 V        ; 2000 ps         ; 2000 ps         ;
; A[5]                    ; 2.5 V        ; 2000 ps         ; 2000 ps         ;
; A[6]                    ; 2.5 V        ; 2000 ps         ; 2000 ps         ;
; A[7]                    ; 2.5 V        ; 2000 ps         ; 2000 ps         ;
; add_sub                 ; 2.5 V        ; 2000 ps         ; 2000 ps         ;
; ~ALTERA_ASDO_DATA1~     ; 2.5 V        ; 2000 ps         ; 2000 ps         ;
; ~ALTERA_FLASH_nCE_nCSO~ ; 2.5 V        ; 2000 ps         ; 2000 ps         ;
; ~ALTERA_DATA0~          ; 2.5 V        ; 2000 ps         ; 2000 ps         ;
+-------------------------+--------------+-----------------+-----------------+


+--------------------------------------------------------------------------------------------------------------------------------------------------------------------------------------------------------------------------------------------------------------------------------------------------------------------------------------------------------------------------------------------------------------------------------------------------------------------------------------------------------------------------------------------------------------------------------------------------------------------------------------------------------------------------------------------+
; Signal Integrity Metrics (Slow 1200mv 0c Model)                                                                                                                                                                                                                                                                                                                                                                                                                                                                                                                                                                                                                                            ;
+---------------+--------------+---------------------+---------------------+------------------------------+------------------------------+---------------------+---------------------+--------------------------------------+--------------------------------------+-----------------------------+-----------------------------+----------------------------+----------------------------+-----------------------------+-----------------------------+--------------------+--------------------+-------------------------------------+-------------------------------------+----------------------------+----------------------------+---------------------------+---------------------------+
; Pin           ; I/O Standard ; Board Delay on Rise ; Board Delay on Fall ; Steady State Voh at FPGA Pin ; Steady State Vol at FPGA Pin ; Voh Max at FPGA Pin ; Vol Min at FPGA Pin ; Ringback Voltage on Rise at FPGA Pin ; Ringback Voltage on Fall at FPGA Pin ; 10-90 Rise Time at FPGA Pin ; 90-10 Fall Time at FPGA Pin ; Monotonic Rise at FPGA Pin ; Monotonic Fall at FPGA Pin ; Steady State Voh at Far-end ; Steady State Vol at Far-end ; Voh Max at Far-end ; Vol Min at Far-end ; Ringback Voltage on Rise at Far-end ; Ringback Voltage on Fall at Far-end ; 10-90 Rise Time at Far-end ; 90-10 Fall Time at Far-end ; Monotonic Rise at Far-end ; Monotonic Fall at Far-end ;
+---------------+--------------+---------------------+---------------------+------------------------------+------------------------------+---------------------+---------------------+--------------------------------------+--------------------------------------+-----------------------------+-----------------------------+----------------------------+----------------------------+-----------------------------+-----------------------------+--------------------+--------------------+-------------------------------------+-------------------------------------+----------------------------+----------------------------+---------------------------+---------------------------+
; LEDR[0]       ; 2.5 V        ; 0 s                 ; 0 s                 ; 2.32 V                       ; 4.49e-09 V                   ; 2.38 V              ; -0.00552 V          ; 0.096 V                              ; 0.019 V                              ; 4.18e-10 s                  ; 3.59e-10 s                  ; No                         ; Yes                        ; 2.32 V                      ; 4.49e-09 V                  ; 2.38 V             ; -0.00552 V         ; 0.096 V                             ; 0.019 V                             ; 4.18e-10 s                 ; 3.59e-10 s                 ; No                        ; Yes                       ;
; LEDR[1]       ; 2.5 V        ; 0 s                 ; 0 s                 ; 2.32 V                       ; 4.49e-09 V                   ; 2.38 V              ; -0.00552 V          ; 0.096 V                              ; 0.019 V                              ; 4.18e-10 s                  ; 3.59e-10 s                  ; No                         ; Yes                        ; 2.32 V                      ; 4.49e-09 V                  ; 2.38 V             ; -0.00552 V         ; 0.096 V                             ; 0.019 V                             ; 4.18e-10 s                 ; 3.59e-10 s                 ; No                        ; Yes                       ;
; LEDR[2]       ; 2.5 V        ; 0 s                 ; 0 s                 ; 2.32 V                       ; 4.49e-09 V                   ; 2.38 V              ; -0.00552 V          ; 0.096 V                              ; 0.019 V                              ; 4.18e-10 s                  ; 3.59e-10 s                  ; No                         ; Yes                        ; 2.32 V                      ; 4.49e-09 V                  ; 2.38 V             ; -0.00552 V         ; 0.096 V                             ; 0.019 V                             ; 4.18e-10 s                 ; 3.59e-10 s                 ; No                        ; Yes                       ;
; LEDR[3]       ; 2.5 V        ; 0 s                 ; 0 s                 ; 2.32 V                       ; 4.49e-09 V                   ; 2.38 V              ; -0.00552 V          ; 0.096 V                              ; 0.019 V                              ; 4.18e-10 s                  ; 3.59e-10 s                  ; No                         ; Yes                        ; 2.32 V                      ; 4.49e-09 V                  ; 2.38 V             ; -0.00552 V         ; 0.096 V                             ; 0.019 V                             ; 4.18e-10 s                 ; 3.59e-10 s                 ; No                        ; Yes                       ;
; LEDR[4]       ; 2.5 V        ; 0 s                 ; 0 s                 ; 2.32 V                       ; 4.49e-09 V                   ; 2.38 V              ; -0.00552 V          ; 0.096 V                              ; 0.019 V                              ; 4.18e-10 s                  ; 3.59e-10 s                  ; No                         ; Yes                        ; 2.32 V                      ; 4.49e-09 V                  ; 2.38 V             ; -0.00552 V         ; 0.096 V                             ; 0.019 V                             ; 4.18e-10 s                 ; 3.59e-10 s                 ; No                        ; Yes                       ;
; LEDR[5]       ; 2.5 V        ; 0 s                 ; 0 s                 ; 2.32 V                       ; 4.49e-09 V                   ; 2.38 V              ; -0.00552 V          ; 0.096 V                              ; 0.019 V                              ; 4.18e-10 s                  ; 3.59e-10 s                  ; No                         ; Yes                        ; 2.32 V                      ; 4.49e-09 V                  ; 2.38 V             ; -0.00552 V         ; 0.096 V                             ; 0.019 V                             ; 4.18e-10 s                 ; 3.59e-10 s                 ; No                        ; Yes                       ;
; LEDR[6]       ; 2.5 V        ; 0 s                 ; 0 s                 ; 2.32 V                       ; 4.49e-09 V                   ; 2.38 V              ; -0.00552 V          ; 0.096 V                              ; 0.019 V                              ; 4.18e-10 s                  ; 3.59e-10 s                  ; No                         ; Yes                        ; 2.32 V                      ; 4.49e-09 V                  ; 2.38 V             ; -0.00552 V         ; 0.096 V                             ; 0.019 V                             ; 4.18e-10 s                 ; 3.59e-10 s                 ; No                        ; Yes                       ;
; LEDR[7]       ; 2.5 V        ; 0 s                 ; 0 s                 ; 2.32 V                       ; 4.49e-09 V                   ; 2.38 V              ; -0.00552 V          ; 0.096 V                              ; 0.019 V                              ; 4.18e-10 s                  ; 3.59e-10 s                  ; No                         ; Yes                        ; 2.32 V                      ; 4.49e-09 V                  ; 2.38 V             ; -0.00552 V         ; 0.096 V                             ; 0.019 V                             ; 4.18e-10 s                 ; 3.59e-10 s                 ; No                        ; Yes                       ;
; LEDR[8]       ; 2.5 V        ; 0 s                 ; 0 s                 ; 2.32 V                       ; 4.49e-09 V                   ; 2.38 V              ; -0.00552 V          ; 0.096 V                              ; 0.019 V                              ; 4.18e-10 s                  ; 3.59e-10 s                  ; No                         ; Yes                        ; 2.32 V                      ; 4.49e-09 V                  ; 2.38 V             ; -0.00552 V         ; 0.096 V                             ; 0.019 V                             ; 4.18e-10 s                 ; 3.59e-10 s                 ; No                        ; Yes                       ;
; out[0]        ; 2.5 V        ; 0 s                 ; 0 s                 ; 2.32 V                       ; 4.49e-09 V                   ; 2.38 V              ; -0.00552 V          ; 0.096 V                              ; 0.019 V                              ; 4.18e-10 s                  ; 3.59e-10 s                  ; No                         ; Yes                        ; 2.32 V                      ; 4.49e-09 V                  ; 2.38 V             ; -0.00552 V         ; 0.096 V                             ; 0.019 V                             ; 4.18e-10 s                 ; 3.59e-10 s                 ; No                        ; Yes                       ;
; out[1]        ; 2.5 V        ; 0 s                 ; 0 s                 ; 2.32 V                       ; 4.49e-09 V                   ; 2.38 V              ; -0.00552 V          ; 0.096 V                              ; 0.019 V                              ; 4.18e-10 s                  ; 3.59e-10 s                  ; No                         ; Yes                        ; 2.32 V                      ; 4.49e-09 V                  ; 2.38 V             ; -0.00552 V         ; 0.096 V                             ; 0.019 V                             ; 4.18e-10 s                 ; 3.59e-10 s                 ; No                        ; Yes                       ;
; out[2]        ; 2.5 V        ; 0 s                 ; 0 s                 ; 2.32 V                       ; 4.49e-09 V                   ; 2.38 V              ; -0.00552 V          ; 0.096 V                              ; 0.019 V                              ; 4.18e-10 s                  ; 3.59e-10 s                  ; No                         ; Yes                        ; 2.32 V                      ; 4.49e-09 V                  ; 2.38 V             ; -0.00552 V         ; 0.096 V                             ; 0.019 V                             ; 4.18e-10 s                 ; 3.59e-10 s                 ; No                        ; Yes                       ;
; out[3]        ; 2.5 V        ; 0 s                 ; 0 s                 ; 2.32 V                       ; 4.49e-09 V                   ; 2.38 V              ; -0.00552 V          ; 0.096 V                              ; 0.019 V                              ; 4.18e-10 s                  ; 3.59e-10 s                  ; No                         ; Yes                        ; 2.32 V                      ; 4.49e-09 V                  ; 2.38 V             ; -0.00552 V         ; 0.096 V                             ; 0.019 V                             ; 4.18e-10 s                 ; 3.59e-10 s                 ; No                        ; Yes                       ;
; out[4]        ; 2.5 V        ; 0 s                 ; 0 s                 ; 2.32 V                       ; 4.49e-09 V                   ; 2.38 V              ; -0.00552 V          ; 0.096 V                              ; 0.019 V                              ; 4.18e-10 s                  ; 3.59e-10 s                  ; No                         ; Yes                        ; 2.32 V                      ; 4.49e-09 V                  ; 2.38 V             ; -0.00552 V         ; 0.096 V                             ; 0.019 V                             ; 4.18e-10 s                 ; 3.59e-10 s                 ; No                        ; Yes                       ;
; ~ALTERA_DCLK~ ; 2.5 V        ; 0 s                 ; 0 s                 ; 2.32 V                       ; 2.67e-09 V                   ; 2.38 V              ; -0.0485 V           ; 0.167 V                              ; 0.096 V                              ; 2.95e-10 s                  ; 2.73e-10 s                  ; Yes                        ; Yes                        ; 2.32 V                      ; 2.67e-09 V                  ; 2.38 V             ; -0.0485 V          ; 0.167 V                             ; 0.096 V                             ; 2.95e-10 s                 ; 2.73e-10 s                 ; Yes                       ; Yes                       ;
; ~ALTERA_nCEO~ ; 2.5 V        ; 0 s                 ; 0 s                 ; 2.32 V                       ; 4.18e-09 V                   ; 2.38 V              ; -0.00483 V          ; 0.152 V                              ; 0.012 V                              ; 4.81e-10 s                  ; 6.29e-10 s                  ; Yes                        ; Yes                        ; 2.32 V                      ; 4.18e-09 V                  ; 2.38 V             ; -0.00483 V         ; 0.152 V                             ; 0.012 V                             ; 4.81e-10 s                 ; 6.29e-10 s                 ; Yes                       ; Yes                       ;
+---------------+--------------+---------------------+---------------------+------------------------------+------------------------------+---------------------+---------------------+--------------------------------------+--------------------------------------+-----------------------------+-----------------------------+----------------------------+----------------------------+-----------------------------+-----------------------------+--------------------+--------------------+-------------------------------------+-------------------------------------+----------------------------+----------------------------+---------------------------+---------------------------+


+--------------------------------------------------------------------------------------------------------------------------------------------------------------------------------------------------------------------------------------------------------------------------------------------------------------------------------------------------------------------------------------------------------------------------------------------------------------------------------------------------------------------------------------------------------------------------------------------------------------------------------------------------------------------------------------------+
; Signal Integrity Metrics (Slow 1200mv 85c Model)                                                                                                                                                                                                                                                                                                                                                                                                                                                                                                                                                                                                                                           ;
+---------------+--------------+---------------------+---------------------+------------------------------+------------------------------+---------------------+---------------------+--------------------------------------+--------------------------------------+-----------------------------+-----------------------------+----------------------------+----------------------------+-----------------------------+-----------------------------+--------------------+--------------------+-------------------------------------+-------------------------------------+----------------------------+----------------------------+---------------------------+---------------------------+
; Pin           ; I/O Standard ; Board Delay on Rise ; Board Delay on Fall ; Steady State Voh at FPGA Pin ; Steady State Vol at FPGA Pin ; Voh Max at FPGA Pin ; Vol Min at FPGA Pin ; Ringback Voltage on Rise at FPGA Pin ; Ringback Voltage on Fall at FPGA Pin ; 10-90 Rise Time at FPGA Pin ; 90-10 Fall Time at FPGA Pin ; Monotonic Rise at FPGA Pin ; Monotonic Fall at FPGA Pin ; Steady State Voh at Far-end ; Steady State Vol at Far-end ; Voh Max at Far-end ; Vol Min at Far-end ; Ringback Voltage on Rise at Far-end ; Ringback Voltage on Fall at Far-end ; 10-90 Rise Time at Far-end ; 90-10 Fall Time at Far-end ; Monotonic Rise at Far-end ; Monotonic Fall at Far-end ;
+---------------+--------------+---------------------+---------------------+------------------------------+------------------------------+---------------------+---------------------+--------------------------------------+--------------------------------------+-----------------------------+-----------------------------+----------------------------+----------------------------+-----------------------------+-----------------------------+--------------------+--------------------+-------------------------------------+-------------------------------------+----------------------------+----------------------------+---------------------------+---------------------------+
; LEDR[0]       ; 2.5 V        ; 0 s                 ; 0 s                 ; 2.32 V                       ; 6.92e-07 V                   ; 2.35 V              ; -0.00996 V          ; 0.121 V                              ; 0.03 V                               ; 4.64e-10 s                  ; 4.47e-10 s                  ; Yes                        ; Yes                        ; 2.32 V                      ; 6.92e-07 V                  ; 2.35 V             ; -0.00996 V         ; 0.121 V                             ; 0.03 V                              ; 4.64e-10 s                 ; 4.47e-10 s                 ; Yes                       ; Yes                       ;
; LEDR[1]       ; 2.5 V        ; 0 s                 ; 0 s                 ; 2.32 V                       ; 6.92e-07 V                   ; 2.35 V              ; -0.00996 V          ; 0.121 V                              ; 0.03 V                               ; 4.64e-10 s                  ; 4.47e-10 s                  ; Yes                        ; Yes                        ; 2.32 V                      ; 6.92e-07 V                  ; 2.35 V             ; -0.00996 V         ; 0.121 V                             ; 0.03 V                              ; 4.64e-10 s                 ; 4.47e-10 s                 ; Yes                       ; Yes                       ;
; LEDR[2]       ; 2.5 V        ; 0 s                 ; 0 s                 ; 2.32 V                       ; 6.92e-07 V                   ; 2.35 V              ; -0.00996 V          ; 0.121 V                              ; 0.03 V                               ; 4.64e-10 s                  ; 4.47e-10 s                  ; Yes                        ; Yes                        ; 2.32 V                      ; 6.92e-07 V                  ; 2.35 V             ; -0.00996 V         ; 0.121 V                             ; 0.03 V                              ; 4.64e-10 s                 ; 4.47e-10 s                 ; Yes                       ; Yes                       ;
; LEDR[3]       ; 2.5 V        ; 0 s                 ; 0 s                 ; 2.32 V                       ; 6.92e-07 V                   ; 2.35 V              ; -0.00996 V          ; 0.121 V                              ; 0.03 V                               ; 4.64e-10 s                  ; 4.47e-10 s                  ; Yes                        ; Yes                        ; 2.32 V                      ; 6.92e-07 V                  ; 2.35 V             ; -0.00996 V         ; 0.121 V                             ; 0.03 V                              ; 4.64e-10 s                 ; 4.47e-10 s                 ; Yes                       ; Yes                       ;
; LEDR[4]       ; 2.5 V        ; 0 s                 ; 0 s                 ; 2.32 V                       ; 6.92e-07 V                   ; 2.35 V              ; -0.00996 V          ; 0.121 V                              ; 0.03 V                               ; 4.64e-10 s                  ; 4.47e-10 s                  ; Yes                        ; Yes                        ; 2.32 V                      ; 6.92e-07 V                  ; 2.35 V             ; -0.00996 V         ; 0.121 V                             ; 0.03 V                              ; 4.64e-10 s                 ; 4.47e-10 s                 ; Yes                       ; Yes                       ;
; LEDR[5]       ; 2.5 V        ; 0 s                 ; 0 s                 ; 2.32 V                       ; 6.92e-07 V                   ; 2.35 V              ; -0.00996 V          ; 0.121 V                              ; 0.03 V                               ; 4.64e-10 s                  ; 4.47e-10 s                  ; Yes                        ; Yes                        ; 2.32 V                      ; 6.92e-07 V                  ; 2.35 V             ; -0.00996 V         ; 0.121 V                             ; 0.03 V                              ; 4.64e-10 s                 ; 4.47e-10 s                 ; Yes                       ; Yes                       ;
; LEDR[6]       ; 2.5 V        ; 0 s                 ; 0 s                 ; 2.32 V                       ; 6.92e-07 V                   ; 2.35 V              ; -0.00996 V          ; 0.121 V                              ; 0.03 V                               ; 4.64e-10 s                  ; 4.47e-10 s                  ; Yes                        ; Yes                        ; 2.32 V                      ; 6.92e-07 V                  ; 2.35 V             ; -0.00996 V         ; 0.121 V                             ; 0.03 V                              ; 4.64e-10 s                 ; 4.47e-10 s                 ; Yes                       ; Yes                       ;
; LEDR[7]       ; 2.5 V        ; 0 s                 ; 0 s                 ; 2.32 V                       ; 6.92e-07 V                   ; 2.35 V              ; -0.00996 V          ; 0.121 V                              ; 0.03 V                               ; 4.64e-10 s                  ; 4.47e-10 s                  ; Yes                        ; Yes                        ; 2.32 V                      ; 6.92e-07 V                  ; 2.35 V             ; -0.00996 V         ; 0.121 V                             ; 0.03 V                              ; 4.64e-10 s                 ; 4.47e-10 s                 ; Yes                       ; Yes                       ;
; LEDR[8]       ; 2.5 V        ; 0 s                 ; 0 s                 ; 2.32 V                       ; 6.92e-07 V                   ; 2.35 V              ; -0.00996 V          ; 0.121 V                              ; 0.03 V                               ; 4.64e-10 s                  ; 4.47e-10 s                  ; Yes                        ; Yes                        ; 2.32 V                      ; 6.92e-07 V                  ; 2.35 V             ; -0.00996 V         ; 0.121 V                             ; 0.03 V                              ; 4.64e-10 s                 ; 4.47e-10 s                 ; Yes                       ; Yes                       ;
; out[0]        ; 2.5 V        ; 0 s                 ; 0 s                 ; 2.32 V                       ; 6.92e-07 V                   ; 2.35 V              ; -0.00996 V          ; 0.121 V                              ; 0.03 V                               ; 4.64e-10 s                  ; 4.47e-10 s                  ; Yes                        ; Yes                        ; 2.32 V                      ; 6.92e-07 V                  ; 2.35 V             ; -0.00996 V         ; 0.121 V                             ; 0.03 V                              ; 4.64e-10 s                 ; 4.47e-10 s                 ; Yes                       ; Yes                       ;
; out[1]        ; 2.5 V        ; 0 s                 ; 0 s                 ; 2.32 V                       ; 6.92e-07 V                   ; 2.35 V              ; -0.00996 V          ; 0.121 V                              ; 0.03 V                               ; 4.64e-10 s                  ; 4.47e-10 s                  ; Yes                        ; Yes                        ; 2.32 V                      ; 6.92e-07 V                  ; 2.35 V             ; -0.00996 V         ; 0.121 V                             ; 0.03 V                              ; 4.64e-10 s                 ; 4.47e-10 s                 ; Yes                       ; Yes                       ;
; out[2]        ; 2.5 V        ; 0 s                 ; 0 s                 ; 2.32 V                       ; 6.92e-07 V                   ; 2.35 V              ; -0.00996 V          ; 0.121 V                              ; 0.03 V                               ; 4.64e-10 s                  ; 4.47e-10 s                  ; Yes                        ; Yes                        ; 2.32 V                      ; 6.92e-07 V                  ; 2.35 V             ; -0.00996 V         ; 0.121 V                             ; 0.03 V                              ; 4.64e-10 s                 ; 4.47e-10 s                 ; Yes                       ; Yes                       ;
; out[3]        ; 2.5 V        ; 0 s                 ; 0 s                 ; 2.32 V                       ; 6.92e-07 V                   ; 2.35 V              ; -0.00996 V          ; 0.121 V                              ; 0.03 V                               ; 4.64e-10 s                  ; 4.47e-10 s                  ; Yes                        ; Yes                        ; 2.32 V                      ; 6.92e-07 V                  ; 2.35 V             ; -0.00996 V         ; 0.121 V                             ; 0.03 V                              ; 4.64e-10 s                 ; 4.47e-10 s                 ; Yes                       ; Yes                       ;
; out[4]        ; 2.5 V        ; 0 s                 ; 0 s                 ; 2.32 V                       ; 6.92e-07 V                   ; 2.35 V              ; -0.00996 V          ; 0.121 V                              ; 0.03 V                               ; 4.64e-10 s                  ; 4.47e-10 s                  ; Yes                        ; Yes                        ; 2.32 V                      ; 6.92e-07 V                  ; 2.35 V             ; -0.00996 V         ; 0.121 V                             ; 0.03 V                              ; 4.64e-10 s                 ; 4.47e-10 s                 ; Yes                       ; Yes                       ;
; ~ALTERA_DCLK~ ; 2.5 V        ; 0 s                 ; 0 s                 ; 2.32 V                       ; 3.75e-07 V                   ; 2.35 V              ; -0.0109 V           ; 0.084 V                              ; 0.027 V                              ; 4.31e-10 s                  ; 3.61e-10 s                  ; Yes                        ; Yes                        ; 2.32 V                      ; 3.75e-07 V                  ; 2.35 V             ; -0.0109 V          ; 0.084 V                             ; 0.027 V                             ; 4.31e-10 s                 ; 3.61e-10 s                 ; Yes                       ; Yes                       ;
; ~ALTERA_nCEO~ ; 2.5 V        ; 0 s                 ; 0 s                 ; 2.32 V                       ; 6.15e-07 V                   ; 2.35 V              ; -0.00712 V          ; 0.093 V                              ; 0.02 V                               ; 6.21e-10 s                  ; 7.9e-10 s                   ; Yes                        ; Yes                        ; 2.32 V                      ; 6.15e-07 V                  ; 2.35 V             ; -0.00712 V         ; 0.093 V                             ; 0.02 V                              ; 6.21e-10 s                 ; 7.9e-10 s                  ; Yes                       ; Yes                       ;
+---------------+--------------+---------------------+---------------------+------------------------------+------------------------------+---------------------+---------------------+--------------------------------------+--------------------------------------+-----------------------------+-----------------------------+----------------------------+----------------------------+-----------------------------+-----------------------------+--------------------+--------------------+-------------------------------------+-------------------------------------+----------------------------+----------------------------+---------------------------+---------------------------+


+--------------------------------------------------------------------------------------------------------------------------------------------------------------------------------------------------------------------------------------------------------------------------------------------------------------------------------------------------------------------------------------------------------------------------------------------------------------------------------------------------------------------------------------------------------------------------------------------------------------------------------------------------------------------------------------------+
; Signal Integrity Metrics (Fast 1200mv 0c Model)                                                                                                                                                                                                                                                                                                                                                                                                                                                                                                                                                                                                                                            ;
+---------------+--------------+---------------------+---------------------+------------------------------+------------------------------+---------------------+---------------------+--------------------------------------+--------------------------------------+-----------------------------+-----------------------------+----------------------------+----------------------------+-----------------------------+-----------------------------+--------------------+--------------------+-------------------------------------+-------------------------------------+----------------------------+----------------------------+---------------------------+---------------------------+
; Pin           ; I/O Standard ; Board Delay on Rise ; Board Delay on Fall ; Steady State Voh at FPGA Pin ; Steady State Vol at FPGA Pin ; Voh Max at FPGA Pin ; Vol Min at FPGA Pin ; Ringback Voltage on Rise at FPGA Pin ; Ringback Voltage on Fall at FPGA Pin ; 10-90 Rise Time at FPGA Pin ; 90-10 Fall Time at FPGA Pin ; Monotonic Rise at FPGA Pin ; Monotonic Fall at FPGA Pin ; Steady State Voh at Far-end ; Steady State Vol at Far-end ; Voh Max at Far-end ; Vol Min at Far-end ; Ringback Voltage on Rise at Far-end ; Ringback Voltage on Fall at Far-end ; 10-90 Rise Time at Far-end ; 90-10 Fall Time at Far-end ; Monotonic Rise at Far-end ; Monotonic Fall at Far-end ;
+---------------+--------------+---------------------+---------------------+------------------------------+------------------------------+---------------------+---------------------+--------------------------------------+--------------------------------------+-----------------------------+-----------------------------+----------------------------+----------------------------+-----------------------------+-----------------------------+--------------------+--------------------+-------------------------------------+-------------------------------------+----------------------------+----------------------------+---------------------------+---------------------------+
; LEDR[0]       ; 2.5 V        ; 0 s                 ; 0 s                 ; 2.62 V                       ; 4.05e-08 V                   ; 2.72 V              ; -0.0349 V           ; 0.173 V                              ; 0.1 V                                ; 2.72e-10 s                  ; 2.69e-10 s                  ; Yes                        ; Yes                        ; 2.62 V                      ; 4.05e-08 V                  ; 2.72 V             ; -0.0349 V          ; 0.173 V                             ; 0.1 V                               ; 2.72e-10 s                 ; 2.69e-10 s                 ; Yes                       ; Yes                       ;
; LEDR[1]       ; 2.5 V        ; 0 s                 ; 0 s                 ; 2.62 V                       ; 4.05e-08 V                   ; 2.72 V              ; -0.0349 V           ; 0.173 V                              ; 0.1 V                                ; 2.72e-10 s                  ; 2.69e-10 s                  ; Yes                        ; Yes                        ; 2.62 V                      ; 4.05e-08 V                  ; 2.72 V             ; -0.0349 V          ; 0.173 V                             ; 0.1 V                               ; 2.72e-10 s                 ; 2.69e-10 s                 ; Yes                       ; Yes                       ;
; LEDR[2]       ; 2.5 V        ; 0 s                 ; 0 s                 ; 2.62 V                       ; 4.05e-08 V                   ; 2.72 V              ; -0.0349 V           ; 0.173 V                              ; 0.1 V                                ; 2.72e-10 s                  ; 2.69e-10 s                  ; Yes                        ; Yes                        ; 2.62 V                      ; 4.05e-08 V                  ; 2.72 V             ; -0.0349 V          ; 0.173 V                             ; 0.1 V                               ; 2.72e-10 s                 ; 2.69e-10 s                 ; Yes                       ; Yes                       ;
; LEDR[3]       ; 2.5 V        ; 0 s                 ; 0 s                 ; 2.62 V                       ; 4.05e-08 V                   ; 2.72 V              ; -0.0349 V           ; 0.173 V                              ; 0.1 V                                ; 2.72e-10 s                  ; 2.69e-10 s                  ; Yes                        ; Yes                        ; 2.62 V                      ; 4.05e-08 V                  ; 2.72 V             ; -0.0349 V          ; 0.173 V                             ; 0.1 V                               ; 2.72e-10 s                 ; 2.69e-10 s                 ; Yes                       ; Yes                       ;
; LEDR[4]       ; 2.5 V        ; 0 s                 ; 0 s                 ; 2.62 V                       ; 4.05e-08 V                   ; 2.72 V              ; -0.0349 V           ; 0.173 V                              ; 0.1 V                                ; 2.72e-10 s                  ; 2.69e-10 s                  ; Yes                        ; Yes                        ; 2.62 V                      ; 4.05e-08 V                  ; 2.72 V             ; -0.0349 V          ; 0.173 V                             ; 0.1 V                               ; 2.72e-10 s                 ; 2.69e-10 s                 ; Yes                       ; Yes                       ;
; LEDR[5]       ; 2.5 V        ; 0 s                 ; 0 s                 ; 2.62 V                       ; 4.05e-08 V                   ; 2.72 V              ; -0.0349 V           ; 0.173 V                              ; 0.1 V                                ; 2.72e-10 s                  ; 2.69e-10 s                  ; Yes                        ; Yes                        ; 2.62 V                      ; 4.05e-08 V                  ; 2.72 V             ; -0.0349 V          ; 0.173 V                             ; 0.1 V                               ; 2.72e-10 s                 ; 2.69e-10 s                 ; Yes                       ; Yes                       ;
; LEDR[6]       ; 2.5 V        ; 0 s                 ; 0 s                 ; 2.62 V                       ; 4.05e-08 V                   ; 2.72 V              ; -0.0349 V           ; 0.173 V                              ; 0.1 V                                ; 2.72e-10 s                  ; 2.69e-10 s                  ; Yes                        ; Yes                        ; 2.62 V                      ; 4.05e-08 V                  ; 2.72 V             ; -0.0349 V          ; 0.173 V                             ; 0.1 V                               ; 2.72e-10 s                 ; 2.69e-10 s                 ; Yes                       ; Yes                       ;
; LEDR[7]       ; 2.5 V        ; 0 s                 ; 0 s                 ; 2.62 V                       ; 4.05e-08 V                   ; 2.72 V              ; -0.0349 V           ; 0.173 V                              ; 0.1 V                                ; 2.72e-10 s                  ; 2.69e-10 s                  ; Yes                        ; Yes                        ; 2.62 V                      ; 4.05e-08 V                  ; 2.72 V             ; -0.0349 V          ; 0.173 V                             ; 0.1 V                               ; 2.72e-10 s                 ; 2.69e-10 s                 ; Yes                       ; Yes                       ;
; LEDR[8]       ; 2.5 V        ; 0 s                 ; 0 s                 ; 2.62 V                       ; 4.05e-08 V                   ; 2.72 V              ; -0.0349 V           ; 0.173 V                              ; 0.1 V                                ; 2.72e-10 s                  ; 2.69e-10 s                  ; Yes                        ; Yes                        ; 2.62 V                      ; 4.05e-08 V                  ; 2.72 V             ; -0.0349 V          ; 0.173 V                             ; 0.1 V                               ; 2.72e-10 s                 ; 2.69e-10 s                 ; Yes                       ; Yes                       ;
; out[0]        ; 2.5 V        ; 0 s                 ; 0 s                 ; 2.62 V                       ; 4.05e-08 V                   ; 2.72 V              ; -0.0349 V           ; 0.173 V                              ; 0.1 V                                ; 2.72e-10 s                  ; 2.69e-10 s                  ; Yes                        ; Yes                        ; 2.62 V                      ; 4.05e-08 V                  ; 2.72 V             ; -0.0349 V          ; 0.173 V                             ; 0.1 V                               ; 2.72e-10 s                 ; 2.69e-10 s                 ; Yes                       ; Yes                       ;
; out[1]        ; 2.5 V        ; 0 s                 ; 0 s                 ; 2.62 V                       ; 4.05e-08 V                   ; 2.72 V              ; -0.0349 V           ; 0.173 V                              ; 0.1 V                                ; 2.72e-10 s                  ; 2.69e-10 s                  ; Yes                        ; Yes                        ; 2.62 V                      ; 4.05e-08 V                  ; 2.72 V             ; -0.0349 V          ; 0.173 V                             ; 0.1 V                               ; 2.72e-10 s                 ; 2.69e-10 s                 ; Yes                       ; Yes                       ;
; out[2]        ; 2.5 V        ; 0 s                 ; 0 s                 ; 2.62 V                       ; 4.05e-08 V                   ; 2.72 V              ; -0.0349 V           ; 0.173 V                              ; 0.1 V                                ; 2.72e-10 s                  ; 2.69e-10 s                  ; Yes                        ; Yes                        ; 2.62 V                      ; 4.05e-08 V                  ; 2.72 V             ; -0.0349 V          ; 0.173 V                             ; 0.1 V                               ; 2.72e-10 s                 ; 2.69e-10 s                 ; Yes                       ; Yes                       ;
; out[3]        ; 2.5 V        ; 0 s                 ; 0 s                 ; 2.62 V                       ; 4.05e-08 V                   ; 2.72 V              ; -0.0349 V           ; 0.173 V                              ; 0.1 V                                ; 2.72e-10 s                  ; 2.69e-10 s                  ; Yes                        ; Yes                        ; 2.62 V                      ; 4.05e-08 V                  ; 2.72 V             ; -0.0349 V          ; 0.173 V                             ; 0.1 V                               ; 2.72e-10 s                 ; 2.69e-10 s                 ; Yes                       ; Yes                       ;
; out[4]        ; 2.5 V        ; 0 s                 ; 0 s                 ; 2.62 V                       ; 4.05e-08 V                   ; 2.72 V              ; -0.0349 V           ; 0.173 V                              ; 0.1 V                                ; 2.72e-10 s                  ; 2.69e-10 s                  ; Yes                        ; Yes                        ; 2.62 V                      ; 4.05e-08 V                  ; 2.72 V             ; -0.0349 V          ; 0.173 V                             ; 0.1 V                               ; 2.72e-10 s                 ; 2.69e-10 s                 ; Yes                       ; Yes                       ;
; ~ALTERA_DCLK~ ; 2.5 V        ; 0 s                 ; 0 s                 ; 2.62 V                       ; 2.22e-08 V                   ; 2.74 V              ; -0.06 V             ; 0.158 V                              ; 0.08 V                               ; 2.68e-10 s                  ; 2.19e-10 s                  ; Yes                        ; Yes                        ; 2.62 V                      ; 2.22e-08 V                  ; 2.74 V             ; -0.06 V            ; 0.158 V                             ; 0.08 V                              ; 2.68e-10 s                 ; 2.19e-10 s                 ; Yes                       ; Yes                       ;
; ~ALTERA_nCEO~ ; 2.5 V        ; 0 s                 ; 0 s                 ; 2.62 V                       ; 3.54e-08 V                   ; 2.7 V               ; -0.00943 V          ; 0.276 V                              ; 0.035 V                              ; 3.19e-10 s                  ; 4.99e-10 s                  ; No                         ; Yes                        ; 2.62 V                      ; 3.54e-08 V                  ; 2.7 V              ; -0.00943 V         ; 0.276 V                             ; 0.035 V                             ; 3.19e-10 s                 ; 4.99e-10 s                 ; No                        ; Yes                       ;
+---------------+--------------+---------------------+---------------------+------------------------------+------------------------------+---------------------+---------------------+--------------------------------------+--------------------------------------+-----------------------------+-----------------------------+----------------------------+----------------------------+-----------------------------+-----------------------------+--------------------+--------------------+-------------------------------------+-------------------------------------+----------------------------+----------------------------+---------------------------+---------------------------+


-------------------
; Clock Transfers ;
-------------------
Nothing to report.


---------------
; Report TCCS ;
---------------
No dedicated SERDES Transmitter circuitry present in device or used in design


---------------
; Report RSKM ;
---------------
No non-DPA dedicated SERDES Receiver circuitry present in device or used in design


+------------------------------------------------+
; Unconstrained Paths                            ;
+---------------------------------+-------+------+
; Property                        ; Setup ; Hold ;
+---------------------------------+-------+------+
; Illegal Clocks                  ; 0     ; 0    ;
; Unconstrained Clocks            ; 0     ; 0    ;
; Unconstrained Input Ports       ; 9     ; 9    ;
; Unconstrained Input Port Paths  ; 53    ; 53   ;
; Unconstrained Output Ports      ; 14    ; 14   ;
; Unconstrained Output Port Paths ; 53    ; 53   ;
+---------------------------------+-------+------+


+------------------------------------+
; TimeQuest Timing Analyzer Messages ;
+------------------------------------+
Info: *******************************************************************
Info: Running Quartus II 64-Bit TimeQuest Timing Analyzer
    Info: Version 13.1.0 Build 162 10/23/2013 SJ Web Edition
    Info: Processing started: Tue Oct 31 11:37:15 2017
Info: Command: quartus_sta Part2 -c Part2
Info: qsta_default_script.tcl version: #1
Warning (20028): Parallel compilation is not licensed and has been disabled
Info (21077): Core supply voltage is 1.2V
Info (21077): Low junction temperature is 0 degrees C
Info (21077): High junction temperature is 85 degrees C
Critical Warning (332012): Synopsys Design Constraints File file not found: 'Part2.sdc'. A Synopsys Design Constraints File is required by the TimeQuest Timing Analyzer to get proper timing constraints. Without it, the Compiler will not properly optimize the design.
Info (332142): No user constrained base clocks found in the design. Calling "derive_clocks -period 1.0"
Info (332096): The command derive_clocks did not find any clocks to derive.  No clocks were created or changed.
Warning (332068): No clocks defined in design.
Info (332143): No user constrained clock uncertainty found in the design. Calling "derive_clock_uncertainty"
Info (332154): The derive_clock_uncertainty command did not apply clock uncertainty to any clock-to-clock transfers.
Info: Found TIMEQUEST_REPORT_SCRIPT_INCLUDE_DEFAULT_ANALYSIS = ON
Info (332159): No clocks to report
Info: Analyzing Slow 1200mV 85C Model
Info (332140): No fmax paths to report
Info (332140): No Setup paths to report
Info (332140): No Hold paths to report
Info (332140): No Recovery paths to report
Info (332140): No Removal paths to report
Info (332140): No Minimum Pulse Width paths to report
Info: Analyzing Slow 1200mV 0C Model
Info (334003): Started post-fitting delay annotation
Info (334004): Delay annotation completed successfully
Info (332142): No user constrained base clocks found in the design. Calling "derive_clocks -period 1.0"
Info (332096): The command derive_clocks did not find any clocks to derive.  No clocks were created or changed.
Warning (332068): No clocks defined in design.
Info (332154): The derive_clock_uncertainty command did not apply clock uncertainty to any clock-to-clock transfers.
Info (332140): No fmax paths to report
Info (332140): No Setup paths to report
Info (332140): No Hold paths to report
Info (332140): No Recovery paths to report
Info (332140): No Removal paths to report
Info (332140): No Minimum Pulse Width paths to report
Info: Analyzing Fast 1200mV 0C Model
Info (332142): No user constrained base clocks found in the design. Calling "derive_clocks -period 1.0"
Info (332096): The command derive_clocks did not find any clocks to derive.  No clocks were created or changed.
Warning (332068): No clocks defined in design.
Info (332154): The derive_clock_uncertainty command did not apply clock uncertainty to any clock-to-clock transfers.
Info (332140): No Setup paths to report
Info (332140): No Hold paths to report
Info (332140): No Recovery paths to report
Info (332140): No Removal paths to report
Info (332140): No Minimum Pulse Width paths to report
Info (332102): Design is not fully constrained for setup requirements
Info (332102): Design is not fully constrained for hold requirements
Info: Quartus II 64-Bit TimeQuest Timing Analyzer was successful. 0 errors, 5 warnings
    Info: Peak virtual memory: 544 megabytes
    Info: Processing ended: Tue Oct 31 11:37:17 2017
    Info: Elapsed time: 00:00:02
    Info: Total CPU time (on all processors): 00:00:02


