Analysis & Synthesis report for part5
Fri Oct 20 18:23:37 2017
Quartus II 64-Bit Version 13.0.0 Build 156 04/24/2013 SJ Web Edition


---------------------
; Table of Contents ;
---------------------
  1. Legal Notice
  2. Analysis & Synthesis Summary
  3. Analysis & Synthesis Settings
  4. Parallel Compilation
  5. Analysis & Synthesis Source Files Read
  6. Analysis & Synthesis Resource Usage Summary
  7. Analysis & Synthesis Resource Utilization by Entity
  8. General Register Statistics
  9. Multiplexer Restructuring Statistics (Restructuring Performed)
 10. Port Connectivity Checks: "part21:comb_14|mux4bit2to11:comb_7"
 11. Port Connectivity Checks: "part21:comb_14|circuitA1:comb_5"
 12. Port Connectivity Checks: "part21:comb_14"
 13. Port Connectivity Checks: "fulladder4bit0:comb_13"
 14. Port Connectivity Checks: "part20:comb_12|mux4bit2to10:comb_6"
 15. Port Connectivity Checks: "part20:comb_12|circuitA0:comb_5"
 16. Port Connectivity Checks: "part20:comb_12"
 17. Port Connectivity Checks: "fulladder4bit0:comb_11|fulladder:FA1"
 18. Port Connectivity Checks: "fulladder4bit0:comb_11"
 19. Port Connectivity Checks: "comparatorB0:comb_10"
 20. Port Connectivity Checks: "comparatorB1:comb_9"
 21. Port Connectivity Checks: "comparatorA0:comb_8"
 22. Port Connectivity Checks: "comparatorA1:comb_7"
 23. Port Connectivity Checks: "B0segmen7:comb_6"
 24. Port Connectivity Checks: "B1segmen7:comb_5"
 25. Port Connectivity Checks: "A0segmen7:comb_4"
 26. Port Connectivity Checks: "A1segmen7:comb_3"
 27. Elapsed Time Per Partition
 28. Analysis & Synthesis Messages



----------------
; Legal Notice ;
----------------
Copyright (C) 1991-2013 Altera Corporation
Your use of Altera Corporation's design tools, logic functions 
and other software and tools, and its AMPP partner logic 
functions, and any output files from any of the foregoing 
(including device programming or simulation files), and any 
associated documentation or information are expressly subject 
to the terms and conditions of the Altera Program License 
Subscription Agreement, Altera MegaCore Function License 
Agreement, or other applicable license agreement, including, 
without limitation, that your use is for the sole purpose of 
programming logic devices manufactured by Altera and sold by 
Altera or its authorized distributors.  Please refer to the 
applicable agreement for further details.



+---------------------------------------------------------------------------------+
; Analysis & Synthesis Summary                                                    ;
+------------------------------------+--------------------------------------------+
; Analysis & Synthesis Status        ; Successful - Fri Oct 20 18:23:37 2017      ;
; Quartus II 64-Bit Version          ; 13.0.0 Build 156 04/24/2013 SJ Web Edition ;
; Revision Name                      ; part5                                      ;
; Top-level Entity Name              ; part5                                      ;
; Family                             ; Cyclone IV E                               ;
; Total logic elements               ; 9                                          ;
;     Total combinational functions  ; 9                                          ;
;     Dedicated logic registers      ; 0                                          ;
; Total registers                    ; 0                                          ;
; Total pins                         ; 90                                         ;
; Total virtual pins                 ; 0                                          ;
; Total memory bits                  ; 0                                          ;
; Embedded Multiplier 9-bit elements ; 0                                          ;
; Total PLLs                         ; 0                                          ;
+------------------------------------+--------------------------------------------+


+----------------------------------------------------------------------------------------------------------------------+
; Analysis & Synthesis Settings                                                                                        ;
+----------------------------------------------------------------------------+--------------------+--------------------+
; Option                                                                     ; Setting            ; Default Value      ;
+----------------------------------------------------------------------------+--------------------+--------------------+
; Device                                                                     ; EP4CE115F29C7      ;                    ;
; Top-level entity name                                                      ; part5              ; part5              ;
; Family name                                                                ; Cyclone IV E       ; Cyclone IV GX      ;
; Use smart compilation                                                      ; Off                ; Off                ;
; Enable parallel Assembler and TimeQuest Timing Analyzer during compilation ; On                 ; On                 ;
; Enable compact report table                                                ; Off                ; Off                ;
; Restructure Multiplexers                                                   ; Auto               ; Auto               ;
; Create Debugging Nodes for IP Cores                                        ; Off                ; Off                ;
; Preserve fewer node names                                                  ; On                 ; On                 ;
; Disable OpenCore Plus hardware evaluation                                  ; Off                ; Off                ;
; Verilog Version                                                            ; Verilog_2001       ; Verilog_2001       ;
; VHDL Version                                                               ; VHDL_1993          ; VHDL_1993          ;
; State Machine Processing                                                   ; Auto               ; Auto               ;
; Safe State Machine                                                         ; Off                ; Off                ;
; Extract Verilog State Machines                                             ; On                 ; On                 ;
; Extract VHDL State Machines                                                ; On                 ; On                 ;
; Ignore Verilog initial constructs                                          ; Off                ; Off                ;
; Iteration limit for constant Verilog loops                                 ; 5000               ; 5000               ;
; Iteration limit for non-constant Verilog loops                             ; 250                ; 250                ;
; Add Pass-Through Logic to Inferred RAMs                                    ; On                 ; On                 ;
; Infer RAMs from Raw Logic                                                  ; On                 ; On                 ;
; Parallel Synthesis                                                         ; On                 ; On                 ;
; DSP Block Balancing                                                        ; Auto               ; Auto               ;
; NOT Gate Push-Back                                                         ; On                 ; On                 ;
; Power-Up Don't Care                                                        ; On                 ; On                 ;
; Remove Redundant Logic Cells                                               ; Off                ; Off                ;
; Remove Duplicate Registers                                                 ; On                 ; On                 ;
; Ignore CARRY Buffers                                                       ; Off                ; Off                ;
; Ignore CASCADE Buffers                                                     ; Off                ; Off                ;
; Ignore GLOBAL Buffers                                                      ; Off                ; Off                ;
; Ignore ROW GLOBAL Buffers                                                  ; Off                ; Off                ;
; Ignore LCELL Buffers                                                       ; Off                ; Off                ;
; Ignore SOFT Buffers                                                        ; On                 ; On                 ;
; Limit AHDL Integers to 32 Bits                                             ; Off                ; Off                ;
; Optimization Technique                                                     ; Balanced           ; Balanced           ;
; Carry Chain Length                                                         ; 70                 ; 70                 ;
; Auto Carry Chains                                                          ; On                 ; On                 ;
; Auto Open-Drain Pins                                                       ; On                 ; On                 ;
; Perform WYSIWYG Primitive Resynthesis                                      ; Off                ; Off                ;
; Auto ROM Replacement                                                       ; On                 ; On                 ;
; Auto RAM Replacement                                                       ; On                 ; On                 ;
; Auto DSP Block Replacement                                                 ; On                 ; On                 ;
; Auto Shift Register Replacement                                            ; Auto               ; Auto               ;
; Allow Shift Register Merging across Hierarchies                            ; Auto               ; Auto               ;
; Auto Clock Enable Replacement                                              ; On                 ; On                 ;
; Strict RAM Replacement                                                     ; Off                ; Off                ;
; Allow Synchronous Control Signals                                          ; On                 ; On                 ;
; Force Use of Synchronous Clear Signals                                     ; Off                ; Off                ;
; Auto RAM Block Balancing                                                   ; On                 ; On                 ;
; Auto RAM to Logic Cell Conversion                                          ; Off                ; Off                ;
; Auto Resource Sharing                                                      ; Off                ; Off                ;
; Allow Any RAM Size For Recognition                                         ; Off                ; Off                ;
; Allow Any ROM Size For Recognition                                         ; Off                ; Off                ;
; Allow Any Shift Register Size For Recognition                              ; Off                ; Off                ;
; Use LogicLock Constraints during Resource Balancing                        ; On                 ; On                 ;
; Ignore translate_off and synthesis_off directives                          ; Off                ; Off                ;
; Timing-Driven Synthesis                                                    ; On                 ; On                 ;
; Report Parameter Settings                                                  ; On                 ; On                 ;
; Report Source Assignments                                                  ; On                 ; On                 ;
; Report Connectivity Checks                                                 ; On                 ; On                 ;
; Ignore Maximum Fan-Out Assignments                                         ; Off                ; Off                ;
; Synchronization Register Chain Length                                      ; 2                  ; 2                  ;
; PowerPlay Power Optimization                                               ; Normal compilation ; Normal compilation ;
; HDL message level                                                          ; Level2             ; Level2             ;
; Suppress Register Optimization Related Messages                            ; Off                ; Off                ;
; Number of Removed Registers Reported in Synthesis Report                   ; 5000               ; 5000               ;
; Number of Swept Nodes Reported in Synthesis Report                         ; 5000               ; 5000               ;
; Number of Inverted Registers Reported in Synthesis Report                  ; 100                ; 100                ;
; Clock MUX Protection                                                       ; On                 ; On                 ;
; Auto Gated Clock Conversion                                                ; Off                ; Off                ;
; Block Design Naming                                                        ; Auto               ; Auto               ;
; SDC constraint protection                                                  ; Off                ; Off                ;
; Synthesis Effort                                                           ; Auto               ; Auto               ;
; Shift Register Replacement - Allow Asynchronous Clear Signal               ; On                 ; On                 ;
; Pre-Mapping Resynthesis Optimization                                       ; Off                ; Off                ;
; Analysis & Synthesis Message Level                                         ; Medium             ; Medium             ;
; Disable Register Merging Across Hierarchies                                ; Auto               ; Auto               ;
; Resource Aware Inference For Block RAM                                     ; On                 ; On                 ;
; Synthesis Seed                                                             ; 1                  ; 1                  ;
+----------------------------------------------------------------------------+--------------------+--------------------+


Parallel compilation was disabled, but you have multiple processors available. Enable parallel compilation to reduce compilation time.
+-------------------------------------+
; Parallel Compilation                ;
+----------------------------+--------+
; Processors                 ; Number ;
+----------------------------+--------+
; Number detected on machine ; 4      ;
; Maximum allowed            ; 1      ;
+----------------------------+--------+


+-----------------------------------------------------------------------------------------------------------------------------------------------------+
; Analysis & Synthesis Source Files Read                                                                                                              ;
+----------------------------------+-----------------+------------------------+-------------------------------------------------------------+---------+
; File Name with User-Entered Path ; Used in Netlist ; File Type              ; File Name with Absolute Path                                ; Library ;
+----------------------------------+-----------------+------------------------+-------------------------------------------------------------+---------+
; comparatorA.v                    ; yes             ; User Verilog HDL File  ; C:/Users/hafizuddin/Music/dsd/Lab 2/part 5/comparatorA.v    ;         ;
; comparatorB.v                    ; yes             ; User Verilog HDL File  ; C:/Users/hafizuddin/Music/dsd/Lab 2/part 5/comparatorB.v    ;         ;
; part2.v                          ; yes             ; User Verilog HDL File  ; C:/Users/hafizuddin/Music/dsd/Lab 2/part 5/part2.v          ;         ;
; part20.v                         ; yes             ; User Verilog HDL File  ; C:/Users/hafizuddin/Music/dsd/Lab 2/part 5/part20.v         ;         ;
; fulladder4bit0.v                 ; yes             ; User Verilog HDL File  ; C:/Users/hafizuddin/Music/dsd/Lab 2/part 5/fulladder4bit0.v ;         ;
; part5.v                          ; yes             ; User Verilog HDL File  ; C:/Users/hafizuddin/Music/dsd/Lab 2/part 5/part5.v          ;         ;
+----------------------------------+-----------------+------------------------+-------------------------------------------------------------+---------+


+-----------------------------------------------------------+
; Analysis & Synthesis Resource Usage Summary               ;
+---------------------------------------------+-------------+
; Resource                                    ; Usage       ;
+---------------------------------------------+-------------+
; Estimated Total logic elements              ; 9           ;
;                                             ;             ;
; Total combinational functions               ; 9           ;
; Logic element usage by number of LUT inputs ;             ;
;     -- 4 input functions                    ; 7           ;
;     -- 3 input functions                    ; 1           ;
;     -- <=2 input functions                  ; 1           ;
;                                             ;             ;
; Logic elements by mode                      ;             ;
;     -- normal mode                          ; 9           ;
;     -- arithmetic mode                      ; 0           ;
;                                             ;             ;
; Total registers                             ; 0           ;
;     -- Dedicated logic registers            ; 0           ;
;     -- I/O registers                        ; 0           ;
;                                             ;             ;
; I/O pins                                    ; 90          ;
; Embedded Multiplier 9-bit elements          ; 0           ;
; Maximum fan-out node                        ; SW[3]~input ;
; Maximum fan-out                             ; 9           ;
; Total fan-out                               ; 176         ;
; Average fan-out                             ; 0.93        ;
+---------------------------------------------+-------------+


+------------------------------------------------------------------------------------------------------------------------------------------------------------------------------------------------------+
; Analysis & Synthesis Resource Utilization by Entity                                                                                                                                                  ;
+-----------------------------+-------------------+--------------+-------------+--------------+---------+-----------+------+--------------+---------------------------------------------+--------------+
; Compilation Hierarchy Node  ; LC Combinationals ; LC Registers ; Memory Bits ; DSP Elements ; DSP 9x9 ; DSP 18x18 ; Pins ; Virtual Pins ; Full Hierarchy Name                         ; Library Name ;
+-----------------------------+-------------------+--------------+-------------+--------------+---------+-----------+------+--------------+---------------------------------------------+--------------+
; |part5                      ; 9 (0)             ; 0 (0)        ; 0           ; 0            ; 0       ; 0         ; 90   ; 0            ; |part5                                      ;              ;
;    |A1segmen7:comb_3|       ; 8 (8)             ; 0 (0)        ; 0           ; 0            ; 0       ; 0         ; 0    ; 0            ; |part5|A1segmen7:comb_3                     ;              ;
;    |fulladder4bit0:comb_13| ; 1 (0)             ; 0 (0)        ; 0           ; 0            ; 0       ; 0         ; 0    ; 0            ; |part5|fulladder4bit0:comb_13               ;              ;
;       |fulladder:FA1|       ; 1 (1)             ; 0 (0)        ; 0           ; 0            ; 0       ; 0         ; 0    ; 0            ; |part5|fulladder4bit0:comb_13|fulladder:FA1 ;              ;
+-----------------------------+-------------------+--------------+-------------+--------------+---------+-----------+------+--------------+---------------------------------------------+--------------+
Note: For table entries with two numbers listed, the numbers in parentheses indicate the number of resources of the given type used by the specific entity alone. The numbers listed outside of parentheses indicate the total resources of the given type used by the specific entity and all of its sub-entities in the hierarchy.


+------------------------------------------------------+
; General Register Statistics                          ;
+----------------------------------------------+-------+
; Statistic                                    ; Value ;
+----------------------------------------------+-------+
; Total registers                              ; 0     ;
; Number of registers using Synchronous Clear  ; 0     ;
; Number of registers using Synchronous Load   ; 0     ;
; Number of registers using Asynchronous Clear ; 0     ;
; Number of registers using Asynchronous Load  ; 0     ;
; Number of registers using Clock Enable       ; 0     ;
; Number of registers using Preset             ; 0     ;
+----------------------------------------------+-------+


+-----------------------------------------------------------------------------------------------------------------------------------------------+
; Multiplexer Restructuring Statistics (Restructuring Performed)                                                                                ;
+--------------------+-----------+---------------+----------------------+------------------------+------------+---------------------------------+
; Multiplexer Inputs ; Bus Width ; Baseline Area ; Area if Restructured ; Saving if Restructured ; Registered ; Example Multiplexer Output      ;
+--------------------+-----------+---------------+----------------------+------------------------+------------+---------------------------------+
; 9:1                ; 2 bits    ; 12 LEs        ; 12 LEs               ; 0 LEs                  ; No         ; |part5|A1segmen7:comb_3|HEX7[4] ;
; 16:1               ; 2 bits    ; 20 LEs        ; 8 LEs                ; 12 LEs                 ; No         ; |part5|A1segmen7:comb_3|HEX7[1] ;
; 5:1                ; 2 bits    ; 6 LEs         ; 6 LEs                ; 0 LEs                  ; No         ; |part5|A1segmen7:comb_3|HEX7[0] ;
+--------------------+-----------+---------------+----------------------+------------------------+------------+---------------------------------+


+------------------------------------------------------------------------------------------------------------------------------------------------------------------------------------------------------------+
; Port Connectivity Checks: "part21:comb_14|mux4bit2to11:comb_7"                                                                                                                                             ;
+------+-------+----------+----------------------------------------------------------------------------------------------------------------------------------------------------------------------------------+
; Port ; Type  ; Severity ; Details                                                                                                                                                                          ;
+------+-------+----------+----------------------------------------------------------------------------------------------------------------------------------------------------------------------------------+
; v1   ; Input ; Warning  ; Input port expression (5 bits) is wider than the input port (4 bits) it drives.  The 1 most-significant bit(s) in the expression will be dangling if they have no other fanouts. ;
; y1   ; Input ; Warning  ; Input port expression (3 bits) is smaller than the input port (4 bits) it drives.  Extra input bit(s) "y1[3..3]" will be connected to GND.                                       ;
+------+-------+----------+----------------------------------------------------------------------------------------------------------------------------------------------------------------------------------+


+------------------------------------------------------------------------------------------------------------------------------------------------------------------------------------------------------------+
; Port Connectivity Checks: "part21:comb_14|circuitA1:comb_5"                                                                                                                                                ;
+------+-------+----------+----------------------------------------------------------------------------------------------------------------------------------------------------------------------------------+
; Port ; Type  ; Severity ; Details                                                                                                                                                                          ;
+------+-------+----------+----------------------------------------------------------------------------------------------------------------------------------------------------------------------------------+
; v1   ; Input ; Warning  ; Input port expression (5 bits) is wider than the input port (3 bits) it drives.  The 2 most-significant bit(s) in the expression will be dangling if they have no other fanouts. ;
+------+-------+----------+----------------------------------------------------------------------------------------------------------------------------------------------------------------------------------+


+----------------------------------------------------------------------------------------------------------------------------------------------------------------------+
; Port Connectivity Checks: "part21:comb_14"                                                                                                                           ;
+------+-------+----------+--------------------------------------------------------------------------------------------------------------------------------------------+
; Port ; Type  ; Severity ; Details                                                                                                                                    ;
+------+-------+----------+--------------------------------------------------------------------------------------------------------------------------------------------+
; v1   ; Input ; Warning  ; Input port expression (1 bits) is smaller than the input port (5 bits) it drives.  Extra input bit(s) "v1[4..1]" will be connected to GND. ;
+------+-------+----------+--------------------------------------------------------------------------------------------------------------------------------------------+


+---------------------------------------------------------------------------------------------------------------------------------------------------------------------------------------------------------------+
; Port Connectivity Checks: "fulladder4bit0:comb_13"                                                                                                                                                            ;
+------+--------+----------+------------------------------------------------------------------------------------------------------------------------------------------------------------------------------------+
; Port ; Type   ; Severity ; Details                                                                                                                                                                            ;
+------+--------+----------+------------------------------------------------------------------------------------------------------------------------------------------------------------------------------------+
; SW   ; Input  ; Warning  ; Input port expression (16 bits) is wider than the input port (12 bits) it drives.  The 4 most-significant bit(s) in the expression will be dangling if they have no other fanouts. ;
; v0   ; Output ; Warning  ; Output or bidir port (5 bits) is wider than the port expression (1 bits) it drives; bit(s) "v0[4..1]" have no fanouts                                                              ;
+------+--------+----------+------------------------------------------------------------------------------------------------------------------------------------------------------------------------------------+


+------------------------------------------------------------------------------------------------------------------------------------------------------------------------------------------------------------+
; Port Connectivity Checks: "part20:comb_12|mux4bit2to10:comb_6"                                                                                                                                             ;
+------+-------+----------+----------------------------------------------------------------------------------------------------------------------------------------------------------------------------------+
; Port ; Type  ; Severity ; Details                                                                                                                                                                          ;
+------+-------+----------+----------------------------------------------------------------------------------------------------------------------------------------------------------------------------------+
; v0   ; Input ; Warning  ; Input port expression (5 bits) is wider than the input port (4 bits) it drives.  The 1 most-significant bit(s) in the expression will be dangling if they have no other fanouts. ;
; y0   ; Input ; Warning  ; Input port expression (3 bits) is smaller than the input port (4 bits) it drives.  Extra input bit(s) "y0[3..3]" will be connected to GND.                                       ;
+------+-------+----------+----------------------------------------------------------------------------------------------------------------------------------------------------------------------------------+


+------------------------------------------------------------------------------------------------------------------------------------------------------------------------------------------------------------+
; Port Connectivity Checks: "part20:comb_12|circuitA0:comb_5"                                                                                                                                                ;
+------+-------+----------+----------------------------------------------------------------------------------------------------------------------------------------------------------------------------------+
; Port ; Type  ; Severity ; Details                                                                                                                                                                          ;
+------+-------+----------+----------------------------------------------------------------------------------------------------------------------------------------------------------------------------------+
; v0   ; Input ; Warning  ; Input port expression (5 bits) is wider than the input port (3 bits) it drives.  The 2 most-significant bit(s) in the expression will be dangling if they have no other fanouts. ;
+------+-------+----------+----------------------------------------------------------------------------------------------------------------------------------------------------------------------------------+


+----------------------------------------------------------------------------------------------------------------------------------------------------------------------+
; Port Connectivity Checks: "part20:comb_12"                                                                                                                           ;
+------+-------+----------+--------------------------------------------------------------------------------------------------------------------------------------------+
; Port ; Type  ; Severity ; Details                                                                                                                                    ;
+------+-------+----------+--------------------------------------------------------------------------------------------------------------------------------------------+
; v0   ; Input ; Warning  ; Input port expression (1 bits) is smaller than the input port (5 bits) it drives.  Extra input bit(s) "v0[4..1]" will be connected to GND. ;
+------+-------+----------+--------------------------------------------------------------------------------------------------------------------------------------------+


+----------------------------------------------------------------------------------------------------------------------------------------------------------------------------------------------------------------+
; Port Connectivity Checks: "fulladder4bit0:comb_11|fulladder:FA1"                                                                                                                                               ;
+--------+-------+----------+------------------------------------------------------------------------------------------------------------------------------------------------------------------------------------+
; Port   ; Type  ; Severity ; Details                                                                                                                                                                            ;
+--------+-------+----------+------------------------------------------------------------------------------------------------------------------------------------------------------------------------------------+
; ci     ; Input ; Warning  ; Input port expression (32 bits) is wider than the input port (1 bits) it drives.  The 31 most-significant bit(s) in the expression will be dangling if they have no other fanouts. ;
; ci[-1] ; Input ; Info     ; Stuck at GND                                                                                                                                                                       ;
+--------+-------+----------+------------------------------------------------------------------------------------------------------------------------------------------------------------------------------------+


+---------------------------------------------------------------------------------------------------------------------------------------------------------------------------------------------------------------+
; Port Connectivity Checks: "fulladder4bit0:comb_11"                                                                                                                                                            ;
+------+--------+----------+------------------------------------------------------------------------------------------------------------------------------------------------------------------------------------+
; Port ; Type   ; Severity ; Details                                                                                                                                                                            ;
+------+--------+----------+------------------------------------------------------------------------------------------------------------------------------------------------------------------------------------+
; SW   ; Input  ; Warning  ; Input port expression (16 bits) is wider than the input port (12 bits) it drives.  The 4 most-significant bit(s) in the expression will be dangling if they have no other fanouts. ;
; v0   ; Output ; Warning  ; Output or bidir port (5 bits) is wider than the port expression (1 bits) it drives; bit(s) "v0[4..1]" have no fanouts                                                              ;
+------+--------+----------+------------------------------------------------------------------------------------------------------------------------------------------------------------------------------------+


+--------------------------------------------------------------------------------------------------------------------------------------------------------------------------------------------------------------+
; Port Connectivity Checks: "comparatorB0:comb_10"                                                                                                                                                             ;
+------+-------+----------+------------------------------------------------------------------------------------------------------------------------------------------------------------------------------------+
; Port ; Type  ; Severity ; Details                                                                                                                                                                            ;
+------+-------+----------+------------------------------------------------------------------------------------------------------------------------------------------------------------------------------------+
; SW   ; Input ; Warning  ; Input port expression (16 bits) is wider than the input port (4 bits) it drives.  The 12 most-significant bit(s) in the expression will be dangling if they have no other fanouts. ;
+------+-------+----------+------------------------------------------------------------------------------------------------------------------------------------------------------------------------------------+


+--------------------------------------------------------------------------------------------------------------------------------------------------------------------------------------------------------------+
; Port Connectivity Checks: "comparatorB1:comb_9"                                                                                                                                                              ;
+------+-------+----------+------------------------------------------------------------------------------------------------------------------------------------------------------------------------------------+
; Port ; Type  ; Severity ; Details                                                                                                                                                                            ;
+------+-------+----------+------------------------------------------------------------------------------------------------------------------------------------------------------------------------------------+
; SW   ; Input ; Warning  ; Input port expression (16 bits) is wider than the input port (4 bits) it drives.  The 12 most-significant bit(s) in the expression will be dangling if they have no other fanouts. ;
+------+-------+----------+------------------------------------------------------------------------------------------------------------------------------------------------------------------------------------+


+--------------------------------------------------------------------------------------------------------------------------------------------------------------------------------------------------------------+
; Port Connectivity Checks: "comparatorA0:comb_8"                                                                                                                                                              ;
+------+-------+----------+------------------------------------------------------------------------------------------------------------------------------------------------------------------------------------+
; Port ; Type  ; Severity ; Details                                                                                                                                                                            ;
+------+-------+----------+------------------------------------------------------------------------------------------------------------------------------------------------------------------------------------+
; SW   ; Input ; Warning  ; Input port expression (16 bits) is wider than the input port (4 bits) it drives.  The 12 most-significant bit(s) in the expression will be dangling if they have no other fanouts. ;
+------+-------+----------+------------------------------------------------------------------------------------------------------------------------------------------------------------------------------------+


+--------------------------------------------------------------------------------------------------------------------------------------------------------------------------------------------------------------+
; Port Connectivity Checks: "comparatorA1:comb_7"                                                                                                                                                              ;
+------+-------+----------+------------------------------------------------------------------------------------------------------------------------------------------------------------------------------------+
; Port ; Type  ; Severity ; Details                                                                                                                                                                            ;
+------+-------+----------+------------------------------------------------------------------------------------------------------------------------------------------------------------------------------------+
; SW   ; Input ; Warning  ; Input port expression (16 bits) is wider than the input port (4 bits) it drives.  The 12 most-significant bit(s) in the expression will be dangling if they have no other fanouts. ;
+------+-------+----------+------------------------------------------------------------------------------------------------------------------------------------------------------------------------------------+


+--------------------------------------------------------------------------------------------------------------------------------------------------------------------------------------------------------------+
; Port Connectivity Checks: "B0segmen7:comb_6"                                                                                                                                                                 ;
+------+-------+----------+------------------------------------------------------------------------------------------------------------------------------------------------------------------------------------+
; Port ; Type  ; Severity ; Details                                                                                                                                                                            ;
+------+-------+----------+------------------------------------------------------------------------------------------------------------------------------------------------------------------------------------+
; SW   ; Input ; Warning  ; Input port expression (16 bits) is wider than the input port (4 bits) it drives.  The 12 most-significant bit(s) in the expression will be dangling if they have no other fanouts. ;
+------+-------+----------+------------------------------------------------------------------------------------------------------------------------------------------------------------------------------------+


+--------------------------------------------------------------------------------------------------------------------------------------------------------------------------------------------------------------+
; Port Connectivity Checks: "B1segmen7:comb_5"                                                                                                                                                                 ;
+------+-------+----------+------------------------------------------------------------------------------------------------------------------------------------------------------------------------------------+
; Port ; Type  ; Severity ; Details                                                                                                                                                                            ;
+------+-------+----------+------------------------------------------------------------------------------------------------------------------------------------------------------------------------------------+
; SW   ; Input ; Warning  ; Input port expression (16 bits) is wider than the input port (4 bits) it drives.  The 12 most-significant bit(s) in the expression will be dangling if they have no other fanouts. ;
+------+-------+----------+------------------------------------------------------------------------------------------------------------------------------------------------------------------------------------+


+--------------------------------------------------------------------------------------------------------------------------------------------------------------------------------------------------------------+
; Port Connectivity Checks: "A0segmen7:comb_4"                                                                                                                                                                 ;
+------+-------+----------+------------------------------------------------------------------------------------------------------------------------------------------------------------------------------------+
; Port ; Type  ; Severity ; Details                                                                                                                                                                            ;
+------+-------+----------+------------------------------------------------------------------------------------------------------------------------------------------------------------------------------------+
; SW   ; Input ; Warning  ; Input port expression (16 bits) is wider than the input port (4 bits) it drives.  The 12 most-significant bit(s) in the expression will be dangling if they have no other fanouts. ;
+------+-------+----------+------------------------------------------------------------------------------------------------------------------------------------------------------------------------------------+


+--------------------------------------------------------------------------------------------------------------------------------------------------------------------------------------------------------------+
; Port Connectivity Checks: "A1segmen7:comb_3"                                                                                                                                                                 ;
+------+-------+----------+------------------------------------------------------------------------------------------------------------------------------------------------------------------------------------+
; Port ; Type  ; Severity ; Details                                                                                                                                                                            ;
+------+-------+----------+------------------------------------------------------------------------------------------------------------------------------------------------------------------------------------+
; SW   ; Input ; Warning  ; Input port expression (16 bits) is wider than the input port (4 bits) it drives.  The 12 most-significant bit(s) in the expression will be dangling if they have no other fanouts. ;
+------+-------+----------+------------------------------------------------------------------------------------------------------------------------------------------------------------------------------------+


+-------------------------------+
; Elapsed Time Per Partition    ;
+----------------+--------------+
; Partition Name ; Elapsed Time ;
+----------------+--------------+
; Top            ; 00:00:01     ;
+----------------+--------------+


+-------------------------------+
; Analysis & Synthesis Messages ;
+-------------------------------+
Info: *******************************************************************
Info: Running Quartus II 64-Bit Analysis & Synthesis
    Info: Version 13.0.0 Build 156 04/24/2013 SJ Web Edition
    Info: Processing started: Fri Oct 20 18:23:30 2017
Info: Command: quartus_map --read_settings_files=on --write_settings_files=off part5 -c part5
Warning (20028): Parallel compilation is not licensed and has been disabled
Info (12021): Found 4 design units, including 4 entities, in source file comparatora.v
    Info (12023): Found entity 1: comparatorA1
    Info (12023): Found entity 2: comparatorA0
    Info (12023): Found entity 3: A1segmen7
    Info (12023): Found entity 4: A0segmen7
Info (12021): Found 4 design units, including 4 entities, in source file comparatorb.v
    Info (12023): Found entity 1: comparatorB1
    Info (12023): Found entity 2: comparatorB0
    Info (12023): Found entity 3: B1segmen7
    Info (12023): Found entity 4: B0segmen7
Info (12021): Found 1 design units, including 1 entities, in source file fulladder4bit.v
    Info (12023): Found entity 1: fulladder4bit1
Info (12021): Found 7 design units, including 7 entities, in source file part2.v
    Info (12023): Found entity 1: part21
    Info (12023): Found entity 2: comparator1
    Info (12023): Found entity 3: comparator11
    Info (12023): Found entity 4: circuitA1
    Info (12023): Found entity 5: circuitB
    Info (12023): Found entity 6: mux4bit2to11
    Info (12023): Found entity 7: segmen71
Info (12021): Found 7 design units, including 7 entities, in source file part20.v
    Info (12023): Found entity 1: part20
    Info (12023): Found entity 2: comparator0
    Info (12023): Found entity 3: comparator10
    Info (12023): Found entity 4: circuitA0
    Info (12023): Found entity 5: mux2to1
    Info (12023): Found entity 6: mux4bit2to10
    Info (12023): Found entity 7: segmen70
Info (12021): Found 2 design units, including 2 entities, in source file fulladder4bit0.v
    Info (12023): Found entity 1: fulladder4bit0
    Info (12023): Found entity 2: fulladder
Info (12021): Found 1 design units, including 1 entities, in source file comparatorcarry.v
    Info (12023): Found entity 1: comparatorCarry
Info (12021): Found 1 design units, including 1 entities, in source file part5.v
    Info (12023): Found entity 1: part5
Warning (10236): Verilog HDL Implicit Net warning at fulladder4bit.v(7): created implicit net for "v0"
Critical Warning (10846): Verilog HDL Instantiation warning at fulladder4bit.v(7): instance has no name
Critical Warning (10846): Verilog HDL Instantiation warning at part2.v(9): instance has no name
Critical Warning (10846): Verilog HDL Instantiation warning at part2.v(10): instance has no name
Critical Warning (10846): Verilog HDL Instantiation warning at part2.v(11): instance has no name
Critical Warning (10846): Verilog HDL Instantiation warning at part2.v(12): instance has no name
Critical Warning (10846): Verilog HDL Instantiation warning at part2.v(13): instance has no name
Critical Warning (10846): Verilog HDL Instantiation warning at part2.v(14): instance has no name
Critical Warning (10846): Verilog HDL Instantiation warning at part20.v(9): instance has no name
Critical Warning (10846): Verilog HDL Instantiation warning at part20.v(10): instance has no name
Critical Warning (10846): Verilog HDL Instantiation warning at part20.v(11): instance has no name
Critical Warning (10846): Verilog HDL Instantiation warning at part20.v(12): instance has no name
Critical Warning (10846): Verilog HDL Instantiation warning at part20.v(13): instance has no name
Critical Warning (10846): Verilog HDL Instantiation warning at part5.v(10): instance has no name
Critical Warning (10846): Verilog HDL Instantiation warning at part5.v(11): instance has no name
Critical Warning (10846): Verilog HDL Instantiation warning at part5.v(12): instance has no name
Critical Warning (10846): Verilog HDL Instantiation warning at part5.v(13): instance has no name
Critical Warning (10846): Verilog HDL Instantiation warning at part5.v(14): instance has no name
Critical Warning (10846): Verilog HDL Instantiation warning at part5.v(15): instance has no name
Critical Warning (10846): Verilog HDL Instantiation warning at part5.v(16): instance has no name
Critical Warning (10846): Verilog HDL Instantiation warning at part5.v(17): instance has no name
Critical Warning (10846): Verilog HDL Instantiation warning at part5.v(18): instance has no name
Critical Warning (10846): Verilog HDL Instantiation warning at part5.v(19): instance has no name
Critical Warning (10846): Verilog HDL Instantiation warning at part5.v(20): instance has no name
Critical Warning (10846): Verilog HDL Instantiation warning at part5.v(21): instance has no name
Info (12127): Elaborating entity "part5" for the top level hierarchy
Warning (10034): Output port "LEDG[7..0]" at part5.v(6) has no driver
Info (12128): Elaborating entity "A1segmen7" for hierarchy "A1segmen7:comb_3"
Info (12128): Elaborating entity "A0segmen7" for hierarchy "A0segmen7:comb_4"
Info (12128): Elaborating entity "B1segmen7" for hierarchy "B1segmen7:comb_5"
Info (12128): Elaborating entity "B0segmen7" for hierarchy "B0segmen7:comb_6"
Info (12128): Elaborating entity "comparatorA1" for hierarchy "comparatorA1:comb_7"
Warning (10230): Verilog HDL assignment warning at comparatorA.v(6): truncated value with size 32 to match size of target (1)
Info (12128): Elaborating entity "comparatorA0" for hierarchy "comparatorA0:comb_8"
Warning (10230): Verilog HDL assignment warning at comparatorA.v(17): truncated value with size 32 to match size of target (1)
Info (12128): Elaborating entity "comparatorB1" for hierarchy "comparatorB1:comb_9"
Warning (10230): Verilog HDL assignment warning at comparatorB.v(6): truncated value with size 32 to match size of target (1)
Info (12128): Elaborating entity "comparatorB0" for hierarchy "comparatorB0:comb_10"
Warning (10230): Verilog HDL assignment warning at comparatorB.v(17): truncated value with size 32 to match size of target (1)
Info (12128): Elaborating entity "fulladder4bit0" for hierarchy "fulladder4bit0:comb_11"
Info (12128): Elaborating entity "fulladder" for hierarchy "fulladder4bit0:comb_11|fulladder:FA1"
Info (12128): Elaborating entity "part20" for hierarchy "part20:comb_12"
Info (12128): Elaborating entity "comparator0" for hierarchy "part20:comb_12|comparator0:comb_3"
Warning (10230): Verilog HDL assignment warning at part20.v(23): truncated value with size 32 to match size of target (1)
Info (12128): Elaborating entity "comparator10" for hierarchy "part20:comb_12|comparator10:comb_4"
Warning (10230): Verilog HDL assignment warning at part20.v(33): truncated value with size 32 to match size of target (1)
Info (12128): Elaborating entity "circuitA0" for hierarchy "part20:comb_12|circuitA0:comb_5"
Info (12128): Elaborating entity "mux4bit2to10" for hierarchy "part20:comb_12|mux4bit2to10:comb_6"
Info (12128): Elaborating entity "mux2to1" for hierarchy "part20:comb_12|mux4bit2to10:comb_6|mux2to1:m__0"
Info (12128): Elaborating entity "segmen70" for hierarchy "part20:comb_12|segmen70:comb_7"
Info (12128): Elaborating entity "part21" for hierarchy "part21:comb_14"
Info (12128): Elaborating entity "comparator1" for hierarchy "part21:comb_14|comparator1:comb_3"
Warning (10230): Verilog HDL assignment warning at part2.v(24): truncated value with size 32 to match size of target (1)
Info (12128): Elaborating entity "comparator11" for hierarchy "part21:comb_14|comparator11:comb_4"
Warning (10230): Verilog HDL assignment warning at part2.v(34): truncated value with size 32 to match size of target (1)
Info (12128): Elaborating entity "circuitA1" for hierarchy "part21:comb_14|circuitA1:comb_5"
Info (12128): Elaborating entity "circuitB" for hierarchy "part21:comb_14|circuitB:comb_6"
Info (12128): Elaborating entity "mux4bit2to11" for hierarchy "part21:comb_14|mux4bit2to11:comb_7"
Info (12128): Elaborating entity "segmen71" for hierarchy "part21:comb_14|segmen71:comb_8"
Warning (12020): Port "ci" on the entity instantiation of "FA1" is connected to a signal of width 32. The formal width of the signal in the module is 1.  The extra bits will be ignored.
Warning (12241): 17 hierarchies have connectivity warnings - see the Connectivity Checks report folder
Warning (13024): Output pins are stuck at VCC or GND
    Warning (13410): Pin "HEX2[0]" is stuck at GND
    Warning (13410): Pin "HEX2[1]" is stuck at GND
    Warning (13410): Pin "HEX2[2]" is stuck at GND
    Warning (13410): Pin "HEX2[3]" is stuck at GND
    Warning (13410): Pin "HEX2[4]" is stuck at GND
    Warning (13410): Pin "HEX2[5]" is stuck at GND
    Warning (13410): Pin "HEX2[6]" is stuck at VCC
    Warning (13410): Pin "HEX1[1]" is stuck at GND
    Warning (13410): Pin "HEX1[2]" is stuck at GND
    Warning (13410): Pin "HEX1[6]" is stuck at VCC
    Warning (13410): Pin "HEX0[1]" is stuck at GND
    Warning (13410): Pin "HEX0[2]" is stuck at GND
    Warning (13410): Pin "HEX0[6]" is stuck at VCC
    Warning (13410): Pin "LEDG[0]" is stuck at GND
    Warning (13410): Pin "LEDG[1]" is stuck at GND
    Warning (13410): Pin "LEDG[2]" is stuck at GND
    Warning (13410): Pin "LEDG[3]" is stuck at GND
    Warning (13410): Pin "LEDG[4]" is stuck at GND
    Warning (13410): Pin "LEDG[5]" is stuck at GND
    Warning (13410): Pin "LEDG[6]" is stuck at GND
    Warning (13410): Pin "LEDG[7]" is stuck at GND
Info (286030): Timing-Driven Synthesis is running
Info (16010): Generating hard_block partition "hard_block:auto_generated_inst"
    Info (16011): Adding 0 node(s), including 0 DDIO, 0 PLL, 0 transceiver and 0 LCELL
Info (21057): Implemented 99 device resources after synthesis - the final resource count might be different
    Info (21058): Implemented 16 input pins
    Info (21059): Implemented 74 output pins
    Info (21061): Implemented 9 logic cells
Info: Quartus II 64-Bit Analysis & Synthesis was successful. 0 errors, 59 warnings
    Info: Peak virtual memory: 482 megabytes
    Info: Processing ended: Fri Oct 20 18:23:37 2017
    Info: Elapsed time: 00:00:07
    Info: Total CPU time (on all processors): 00:00:03


